---------------------------------------------------------------
[ 2018-12-22T14:14:43+08:00 ] 127.0.0.1 GET www.corrosion.com/
[运行时间：4.315882s] [吞吐率：0.23req/s] [内存消耗：3,441.56kb] [文件加载：59]
[ info ] [ LANG ] /Users/iimt/Development/PHP/corrosion/thinkphp/lang/zh-cn.php
[ info ] [ ROUTE ] array (
  'type' => 'module',
  'module' => 
  array (
    0 => '',
    1 => NULL,
    2 => NULL,
  ),
)
[ info ] [ HEADER ] array (
  'host' => 'www.corrosion.com',
  'connection' => 'keep-alive',
  'upgrade-insecure-requests' => '1',
  'user-agent' => 'Mozilla/5.0 (Macintosh; Intel Mac OS X 10_14_1) AppleWebKit/537.36 (KHTML, like Gecko) Chrome/71.0.3578.98 Safari/537.36',
  'accept' => 'text/html,application/xhtml+xml,application/xml;q=0.9,image/webp,image/apng,*/*;q=0.8',
  'accept-encoding' => 'gzip, deflate',
  'accept-language' => 'zh-CN,zh;q=0.9,en;q=0.8',
)
[ info ] [ PARAM ] array (
)
[ info ] [ DB ] INIT mysql
[ info ] [ RUN ] app\index\controller\Index->index[ /Users/iimt/Development/PHP/corrosion/application/index/controller/Index.php ]
[ info ] [ VIEW ] /Users/iimt/Development/PHP/corrosion/public/../application/index/view/index/index.html [ array (
  0 => 'nav',
  1 => 'friends',
  2 => 'site',
  3 => 'footer',
  4 => 'currTitle',
  5 => 'banner',
  6 => 'focus',
  7 => 'select',
  8 => 'news',
  9 => 'dataPro',
  10 => 'dataActivity',
  11 => 'selected',
) ]
[ info ] [ LOG ] INIT File
[ sql ] [ DB ] CONNECT:[ UseTime:0.279201s ] mysql:host=www.iimt.me;dbname=corrosion;charset=utf8
[ sql ] [ SQL ] SHOW COLUMNS FROM `nav` [ RunTime:0.105275s ]
[ sql ] [ SQL ] SELECT * FROM `nav` ORDER BY `priority` DESC [ RunTime:0.103736s ]
[ sql ] [ SQL ] SHOW COLUMNS FROM `friends` [ RunTime:0.103597s ]
[ sql ] [ SQL ] SELECT * FROM `friends` [ RunTime:0.102824s ]
[ sql ] [ SQL ] SHOW COLUMNS FROM `site` [ RunTime:0.101370s ]
[ sql ] [ SQL ] SELECT * FROM `site` WHERE  `id` = 1 LIMIT 1 [ RunTime:0.103227s ]
[ sql ] [ SQL ] SHOW COLUMNS FROM `footer` [ RunTime:0.102137s ]
[ sql ] [ SQL ] SELECT * FROM `footer` LIMIT 1 [ RunTime:0.103795s ]
[ sql ] [ SQL ] SHOW COLUMNS FROM `carousel` [ RunTime:0.104588s ]
[ sql ] [ SQL ] SELECT * FROM `carousel` [ RunTime:0.353722s ]
[ sql ] [ SQL ] SHOW COLUMNS FROM `focus` [ RunTime:0.104563s ]
[ sql ] [ SQL ] SELECT `f`.*,`a`.`title` FROM `focus` `f` INNER JOIN `article` `a` ON `f`.`aid`=`a`.`id` ORDER BY `id` DESC [ RunTime:0.406007s ]
[ sql ] [ SQL ] SHOW COLUMNS FROM `select` [ RunTime:0.104004s ]
[ sql ] [ SQL ] SELECT `s`.*,`a`.`title` FROM `select` `s` INNER JOIN `article` `a` ON `s`.`aid`=`a`.`id` ORDER BY `id` DESC [ RunTime:0.104704s ]
[ sql ] [ SQL ] SHOW COLUMNS FROM `article` [ RunTime:0.102766s ]
[ sql ] [ SQL ] SELECT * FROM `article` ORDER BY `id` DESC LIMIT 5 [ RunTime:1.382532s ]
[ sql ] [ SQL ] SELECT `id`,`cover`,`title` FROM `article` WHERE  `cid` = 6 ORDER BY `id` DESC LIMIT 5 [ RunTime:0.102055s ]
[ sql ] [ SQL ] SELECT `id`,`cover`,`title`,`content` FROM `article` WHERE  `cid` = 9 ORDER BY `id` DESC LIMIT 2 [ RunTime:0.103299s ]
[ sql ] [ SQL ] SELECT `s`.*,`a`.`title`,`a`.`content`,`a`.`cover` FROM `select` `s` INNER JOIN `article` `a` ON `s`.`aid`=`a`.`id` ORDER BY `id` DESC LIMIT 1 [ RunTime:0.254841s ]
---------------------------------------------------------------
[ 2018-12-22T14:14:44+08:00 ] 127.0.0.1 GET www.corrosion.com/uploads/20181203/36375e2252ff760d8e740e31bafde24f.jpg
[运行时间：0.012793s] [吞吐率：78.17req/s] [内存消耗：1,196.19kb] [文件加载：30]
[ info ] [ LANG ] /Users/iimt/Development/PHP/corrosion/thinkphp/lang/zh-cn.php
[ info ] [ ROUTE ] array (
  'type' => 'module',
  'module' => 
  array (
    0 => 'uploads',
    1 => '20181203',
    2 => '36375e2252ff760d8e740e31bafde24f.jpg',
  ),
)
[ info ] [ HEADER ] array (
  'host' => 'www.corrosion.com',
  'connection' => 'keep-alive',
  'user-agent' => 'Mozilla/5.0 (Macintosh; Intel Mac OS X 10_14_1) AppleWebKit/537.36 (KHTML, like Gecko) Chrome/71.0.3578.98 Safari/537.36',
  'accept' => 'image/webp,image/apng,image/*,*/*;q=0.8',
  'referer' => 'http://www.corrosion.com/',
  'accept-encoding' => 'gzip, deflate',
  'accept-language' => 'zh-CN,zh;q=0.9,en;q=0.8',
)
[ info ] [ PARAM ] array (
  '/uploads/20181203/36375e2252ff760d8e740e31bafde24f_jpg' => '',
)
[ info ] [ LOG ] INIT File
---------------------------------------------------------------
[ 2018-12-22T14:14:44+08:00 ] 127.0.0.1 GET www.corrosion.com/uploads/20181203/e7bbb136685049d204aaa9ba8efc3bed.jpg
[运行时间：0.014548s] [吞吐率：68.74req/s] [内存消耗：1,196.77kb] [文件加载：30]
[ info ] [ LANG ] /Users/iimt/Development/PHP/corrosion/thinkphp/lang/zh-cn.php
[ info ] [ ROUTE ] array (
  'type' => 'module',
  'module' => 
  array (
    0 => 'uploads',
    1 => '20181203',
    2 => 'e7bbb136685049d204aaa9ba8efc3bed.jpg',
  ),
)
[ info ] [ HEADER ] array (
  'host' => 'www.corrosion.com',
  'connection' => 'keep-alive',
  'user-agent' => 'Mozilla/5.0 (Macintosh; Intel Mac OS X 10_14_1) AppleWebKit/537.36 (KHTML, like Gecko) Chrome/71.0.3578.98 Safari/537.36',
  'accept' => 'image/webp,image/apng,image/*,*/*;q=0.8',
  'referer' => 'http://www.corrosion.com/',
  'accept-encoding' => 'gzip, deflate',
  'accept-language' => 'zh-CN,zh;q=0.9,en;q=0.8',
)
[ info ] [ PARAM ] array (
  '/uploads/20181203/e7bbb136685049d204aaa9ba8efc3bed_jpg' => '',
)
[ info ] [ LOG ] INIT File
---------------------------------------------------------------
[ 2018-12-22T14:14:44+08:00 ] 127.0.0.1 GET www.corrosion.com/uploads/20181203/4ce3f2266f68316e772f34b9211e7718.png
[运行时间：0.013107s] [吞吐率：76.30req/s] [内存消耗：1,196.19kb] [文件加载：30]
[ info ] [ LANG ] /Users/iimt/Development/PHP/corrosion/thinkphp/lang/zh-cn.php
[ info ] [ ROUTE ] array (
  'type' => 'module',
  'module' => 
  array (
    0 => 'uploads',
    1 => '20181203',
    2 => '4ce3f2266f68316e772f34b9211e7718.png',
  ),
)
[ info ] [ HEADER ] array (
  'host' => 'www.corrosion.com',
  'connection' => 'keep-alive',
  'user-agent' => 'Mozilla/5.0 (Macintosh; Intel Mac OS X 10_14_1) AppleWebKit/537.36 (KHTML, like Gecko) Chrome/71.0.3578.98 Safari/537.36',
  'accept' => 'image/webp,image/apng,image/*,*/*;q=0.8',
  'referer' => 'http://www.corrosion.com/',
  'accept-encoding' => 'gzip, deflate',
  'accept-language' => 'zh-CN,zh;q=0.9,en;q=0.8',
)
[ info ] [ PARAM ] array (
  '/uploads/20181203/4ce3f2266f68316e772f34b9211e7718_png' => '',
)
[ info ] [ LOG ] INIT File
---------------------------------------------------------------
[ 2018-12-22T14:14:44+08:00 ] 127.0.0.1 GET www.corrosion.com/uploads/20181203/9e1e474280083779ef7754b3e4c2f4d5.png
[运行时间：0.008772s] [吞吐率：114.00req/s] [内存消耗：1,196.19kb] [文件加载：30]
[ info ] [ LANG ] /Users/iimt/Development/PHP/corrosion/thinkphp/lang/zh-cn.php
[ info ] [ ROUTE ] array (
  'type' => 'module',
  'module' => 
  array (
    0 => 'uploads',
    1 => '20181203',
    2 => '9e1e474280083779ef7754b3e4c2f4d5.png',
  ),
)
[ info ] [ HEADER ] array (
  'host' => 'www.corrosion.com',
  'connection' => 'keep-alive',
  'user-agent' => 'Mozilla/5.0 (Macintosh; Intel Mac OS X 10_14_1) AppleWebKit/537.36 (KHTML, like Gecko) Chrome/71.0.3578.98 Safari/537.36',
  'accept' => 'image/webp,image/apng,image/*,*/*;q=0.8',
  'referer' => 'http://www.corrosion.com/',
  'accept-encoding' => 'gzip, deflate',
  'accept-language' => 'zh-CN,zh;q=0.9,en;q=0.8',
)
[ info ] [ PARAM ] array (
  '/uploads/20181203/9e1e474280083779ef7754b3e4c2f4d5_png' => '',
)
[ info ] [ LOG ] INIT File
---------------------------------------------------------------
[ 2018-12-22T14:14:44+08:00 ] 127.0.0.1 GET www.corrosion.com/uploads/20181107/688080b672fb5e5b7cee5ab0b027080b.jpg
[运行时间：0.009038s] [吞吐率：110.64req/s] [内存消耗：1,196.19kb] [文件加载：30]
[ info ] [ LANG ] /Users/iimt/Development/PHP/corrosion/thinkphp/lang/zh-cn.php
[ info ] [ ROUTE ] array (
  'type' => 'module',
  'module' => 
  array (
    0 => 'uploads',
    1 => '20181107',
    2 => '688080b672fb5e5b7cee5ab0b027080b.jpg',
  ),
)
[ info ] [ HEADER ] array (
  'host' => 'www.corrosion.com',
  'connection' => 'keep-alive',
  'user-agent' => 'Mozilla/5.0 (Macintosh; Intel Mac OS X 10_14_1) AppleWebKit/537.36 (KHTML, like Gecko) Chrome/71.0.3578.98 Safari/537.36',
  'accept' => 'image/webp,image/apng,image/*,*/*;q=0.8',
  'referer' => 'http://www.corrosion.com/',
  'accept-encoding' => 'gzip, deflate',
  'accept-language' => 'zh-CN,zh;q=0.9,en;q=0.8',
)
[ info ] [ PARAM ] array (
  '/uploads/20181107/688080b672fb5e5b7cee5ab0b027080b_jpg' => '',
)
[ info ] [ LOG ] INIT File
---------------------------------------------------------------
[ 2018-12-22T14:14:44+08:00 ] 127.0.0.1 GET www.corrosion.com/images/dian.png
[运行时间：0.009467s] [吞吐率：105.63req/s] [内存消耗：1,195.86kb] [文件加载：30]
[ info ] [ LANG ] /Users/iimt/Development/PHP/corrosion/thinkphp/lang/zh-cn.php
[ info ] [ ROUTE ] array (
  'type' => 'module',
  'module' => 
  array (
    0 => 'images',
    1 => 'dian.png',
    2 => NULL,
  ),
)
[ info ] [ HEADER ] array (
  'host' => 'www.corrosion.com',
  'connection' => 'keep-alive',
  'user-agent' => 'Mozilla/5.0 (Macintosh; Intel Mac OS X 10_14_1) AppleWebKit/537.36 (KHTML, like Gecko) Chrome/71.0.3578.98 Safari/537.36',
  'accept' => 'image/webp,image/apng,image/*,*/*;q=0.8',
  'referer' => 'http://www.corrosion.com/static/index/custom/css/acm.css',
  'accept-encoding' => 'gzip, deflate',
  'accept-language' => 'zh-CN,zh;q=0.9,en;q=0.8',
)
[ info ] [ PARAM ] array (
  '/images/dian_png' => '',
)
[ info ] [ LOG ] INIT File
---------------------------------------------------------------
[ 2018-12-22T14:14:53+08:00 ] 127.0.0.1 GET www.corrosion.com/index/Conference/index
[运行时间：2.299820s] [吞吐率：0.43req/s] [内存消耗：3,150.98kb] [文件加载：59]
[ info ] [ LANG ] /Users/iimt/Development/PHP/corrosion/thinkphp/lang/zh-cn.php
[ info ] [ ROUTE ] array (
  'type' => 'module',
  'module' => 
  array (
    0 => 'index',
    1 => 'Conference',
    2 => 'index',
  ),
)
[ info ] [ HEADER ] array (
  'host' => 'www.corrosion.com',
  'connection' => 'keep-alive',
  'upgrade-insecure-requests' => '1',
  'user-agent' => 'Mozilla/5.0 (Macintosh; Intel Mac OS X 10_14_1) AppleWebKit/537.36 (KHTML, like Gecko) Chrome/71.0.3578.98 Safari/537.36',
  'accept' => 'text/html,application/xhtml+xml,application/xml;q=0.9,image/webp,image/apng,*/*;q=0.8',
  'referer' => 'http://www.corrosion.com/',
  'accept-encoding' => 'gzip, deflate',
  'accept-language' => 'zh-CN,zh;q=0.9,en;q=0.8',
)
[ info ] [ PARAM ] array (
  '/index/Conference/index' => '',
)
[ info ] [ DB ] INIT mysql
[ info ] [ RUN ] app\index\controller\Conference->index[ /Users/iimt/Development/PHP/corrosion/application/index/controller/Conference.php ]
[ info ] [ VIEW ] /Users/iimt/Development/PHP/corrosion/public/../application/index/view/conference/index.html [ array (
  0 => 'nav',
  1 => 'friends',
  2 => 'site',
  3 => 'footer',
  4 => 'currTitle',
  5 => 'base',
  6 => 'pic',
  7 => 'Org',
  8 => 'currID',
) ]
[ info ] [ LOG ] INIT File
[ sql ] [ DB ] CONNECT:[ UseTime:0.171000s ] mysql:host=www.iimt.me;dbname=corrosion;charset=utf8
[ sql ] [ SQL ] SHOW COLUMNS FROM `nav` [ RunTime:0.097700s ]
[ sql ] [ SQL ] SELECT * FROM `nav` ORDER BY `priority` DESC [ RunTime:0.097309s ]
[ sql ] [ SQL ] SHOW COLUMNS FROM `friends` [ RunTime:0.098970s ]
[ sql ] [ SQL ] SELECT * FROM `friends` [ RunTime:0.097969s ]
[ sql ] [ SQL ] SHOW COLUMNS FROM `site` [ RunTime:0.098085s ]
[ sql ] [ SQL ] SELECT * FROM `site` WHERE  `id` = 1 LIMIT 1 [ RunTime:0.097722s ]
[ sql ] [ SQL ] SHOW COLUMNS FROM `footer` [ RunTime:0.098418s ]
[ sql ] [ SQL ] SELECT * FROM `footer` LIMIT 1 [ RunTime:0.096602s ]
[ sql ] [ SQL ] SHOW COLUMNS FROM `conference` [ RunTime:0.097782s ]
[ sql ] [ SQL ] SELECT `id` FROM `conference` ORDER BY `id` ASC [ RunTime:0.097912s ]
[ sql ] [ SQL ] SELECT `id`,`newsid`,`waittime`,`theme`,`spot`,`host`,`title`,`hostlogo` FROM `conference` WHERE  `id` = 10 LIMIT 1 [ RunTime:0.097635s ]
[ sql ] [ SQL ] SHOW COLUMNS FROM `article` [ RunTime:0.098374s ]
[ sql ] [ SQL ] SELECT `id`,`title` FROM `article` WHERE  `id` IN (25,23,3) [ RunTime:0.095977s ]
[ sql ] [ SQL ] SELECT `id`,`banner`,`history`,`historypic` FROM `conference` WHERE  `id` = 10 LIMIT 1 [ RunTime:0.096947s ]
[ sql ] [ SQL ] SHOW COLUMNS FROM `orgcate` [ RunTime:0.099134s ]
[ sql ] [ SQL ] SELECT * FROM `orgcate` WHERE  `remark` = 'media' LIMIT 1 [ RunTime:0.098793s ]
[ sql ] [ SQL ] SHOW COLUMNS FROM `organization` [ RunTime:0.098155s ]
[ sql ] [ SQL ] SELECT * FROM `organization` WHERE  `cid` = 10  AND `ballid` = 10 [ RunTime:0.098225s ]
[ sql ] [ SQL ] SELECT * FROM `orgcate` [ RunTime:0.098188s ]
[ sql ] [ SQL ] SELECT * FROM `organization` WHERE  `cid` = 2  AND `ballid` = 10 [ RunTime:0.098643s ]
[ sql ] [ SQL ] SELECT * FROM `organization` WHERE  `cid` = 3  AND `ballid` = 10 [ RunTime:0.098347s ]
---------------------------------------------------------------
[ 2018-12-22T14:14:53+08:00 ] 127.0.0.1 GET www.corrosion.com/uploads/20181218/6bd3398a47005001c75562ed348efaa2.png
[运行时间：0.011576s] [吞吐率：86.39req/s] [内存消耗：1,196.32kb] [文件加载：30]
[ info ] [ LANG ] /Users/iimt/Development/PHP/corrosion/thinkphp/lang/zh-cn.php
[ info ] [ ROUTE ] array (
  'type' => 'module',
  'module' => 
  array (
    0 => 'uploads',
    1 => '20181218',
    2 => '6bd3398a47005001c75562ed348efaa2.png',
  ),
)
[ info ] [ HEADER ] array (
  'host' => 'www.corrosion.com',
  'connection' => 'keep-alive',
  'user-agent' => 'Mozilla/5.0 (Macintosh; Intel Mac OS X 10_14_1) AppleWebKit/537.36 (KHTML, like Gecko) Chrome/71.0.3578.98 Safari/537.36',
  'accept' => 'image/webp,image/apng,image/*,*/*;q=0.8',
  'referer' => 'http://www.corrosion.com/index/Conference/index',
  'accept-encoding' => 'gzip, deflate',
  'accept-language' => 'zh-CN,zh;q=0.9,en;q=0.8',
)
[ info ] [ PARAM ] array (
  '/uploads/20181218/6bd3398a47005001c75562ed348efaa2_png' => '',
)
[ info ] [ LOG ] INIT File
---------------------------------------------------------------
[ 2018-12-22T14:14:53+08:00 ] 127.0.0.1 GET www.corrosion.com/uploads/20181218/3c360228ccdeedd7cf542fc97c61bb7a.png
[运行时间：0.025321s] [吞吐率：39.49req/s] [内存消耗：1,196.91kb] [文件加载：30]
[ info ] [ LANG ] /Users/iimt/Development/PHP/corrosion/thinkphp/lang/zh-cn.php
[ info ] [ ROUTE ] array (
  'type' => 'module',
  'module' => 
  array (
    0 => 'uploads',
    1 => '20181218',
    2 => '3c360228ccdeedd7cf542fc97c61bb7a.png',
  ),
)
[ info ] [ HEADER ] array (
  'host' => 'www.corrosion.com',
  'connection' => 'keep-alive',
  'user-agent' => 'Mozilla/5.0 (Macintosh; Intel Mac OS X 10_14_1) AppleWebKit/537.36 (KHTML, like Gecko) Chrome/71.0.3578.98 Safari/537.36',
  'accept' => 'image/webp,image/apng,image/*,*/*;q=0.8',
  'referer' => 'http://www.corrosion.com/index/Conference/index',
  'accept-encoding' => 'gzip, deflate',
  'accept-language' => 'zh-CN,zh;q=0.9,en;q=0.8',
)
[ info ] [ PARAM ] array (
  '/uploads/20181218/3c360228ccdeedd7cf542fc97c61bb7a_png' => '',
)
[ info ] [ LOG ] INIT File
---------------------------------------------------------------
[ 2018-12-22T14:14:53+08:00 ] 127.0.0.1 GET www.corrosion.com/uploads/20181218/c1f3589e99806e744c0817cb60096cff.png
[运行时间：0.014582s] [吞吐率：68.58req/s] [内存消耗：1,196.32kb] [文件加载：30]
[ info ] [ LANG ] /Users/iimt/Development/PHP/corrosion/thinkphp/lang/zh-cn.php
[ info ] [ ROUTE ] array (
  'type' => 'module',
  'module' => 
  array (
    0 => 'uploads',
    1 => '20181218',
    2 => 'c1f3589e99806e744c0817cb60096cff.png',
  ),
)
[ info ] [ HEADER ] array (
  'host' => 'www.corrosion.com',
  'connection' => 'keep-alive',
  'user-agent' => 'Mozilla/5.0 (Macintosh; Intel Mac OS X 10_14_1) AppleWebKit/537.36 (KHTML, like Gecko) Chrome/71.0.3578.98 Safari/537.36',
  'accept' => 'image/webp,image/apng,image/*,*/*;q=0.8',
  'referer' => 'http://www.corrosion.com/index/Conference/index',
  'accept-encoding' => 'gzip, deflate',
  'accept-language' => 'zh-CN,zh;q=0.9,en;q=0.8',
)
[ info ] [ PARAM ] array (
  '/uploads/20181218/c1f3589e99806e744c0817cb60096cff_png' => '',
)
[ info ] [ LOG ] INIT File
---------------------------------------------------------------
[ 2018-12-22T14:14:53+08:00 ] 127.0.0.1 GET www.corrosion.com/uploads/20181218/6f34558570548b2fd310a9f48ce28094.png
[运行时间：0.013500s] [吞吐率：74.07req/s] [内存消耗：1,196.32kb] [文件加载：30]
[ info ] [ LANG ] /Users/iimt/Development/PHP/corrosion/thinkphp/lang/zh-cn.php
[ info ] [ ROUTE ] array (
  'type' => 'module',
  'module' => 
  array (
    0 => 'uploads',
    1 => '20181218',
    2 => '6f34558570548b2fd310a9f48ce28094.png',
  ),
)
[ info ] [ HEADER ] array (
  'host' => 'www.corrosion.com',
  'connection' => 'keep-alive',
  'user-agent' => 'Mozilla/5.0 (Macintosh; Intel Mac OS X 10_14_1) AppleWebKit/537.36 (KHTML, like Gecko) Chrome/71.0.3578.98 Safari/537.36',
  'accept' => 'image/webp,image/apng,image/*,*/*;q=0.8',
  'referer' => 'http://www.corrosion.com/index/Conference/index',
  'accept-encoding' => 'gzip, deflate',
  'accept-language' => 'zh-CN,zh;q=0.9,en;q=0.8',
)
[ info ] [ PARAM ] array (
  '/uploads/20181218/6f34558570548b2fd310a9f48ce28094_png' => '',
)
[ info ] [ LOG ] INIT File
---------------------------------------------------------------
[ 2018-12-22T14:14:53+08:00 ] 127.0.0.1 GET www.corrosion.com/uploads/20181218/0cb33a50d3deb9084c8d3b94da538452.png
[运行时间：0.015053s] [吞吐率：66.43req/s] [内存消耗：1,196.32kb] [文件加载：30]
[ info ] [ LANG ] /Users/iimt/Development/PHP/corrosion/thinkphp/lang/zh-cn.php
[ info ] [ ROUTE ] array (
  'type' => 'module',
  'module' => 
  array (
    0 => 'uploads',
    1 => '20181218',
    2 => '0cb33a50d3deb9084c8d3b94da538452.png',
  ),
)
[ info ] [ HEADER ] array (
  'host' => 'www.corrosion.com',
  'connection' => 'keep-alive',
  'user-agent' => 'Mozilla/5.0 (Macintosh; Intel Mac OS X 10_14_1) AppleWebKit/537.36 (KHTML, like Gecko) Chrome/71.0.3578.98 Safari/537.36',
  'accept' => 'image/webp,image/apng,image/*,*/*;q=0.8',
  'referer' => 'http://www.corrosion.com/index/Conference/index',
  'accept-encoding' => 'gzip, deflate',
  'accept-language' => 'zh-CN,zh;q=0.9,en;q=0.8',
)
[ info ] [ PARAM ] array (
  '/uploads/20181218/0cb33a50d3deb9084c8d3b94da538452_png' => '',
)
[ info ] [ LOG ] INIT File
---------------------------------------------------------------
[ 2018-12-22T14:14:53+08:00 ] 127.0.0.1 GET www.corrosion.com/uploads/20181218/a0bd964d07e32e43bf9e7c3621190e54.png
[运行时间：0.013462s] [吞吐率：74.28req/s] [内存消耗：1,196.32kb] [文件加载：30]
[ info ] [ LANG ] /Users/iimt/Development/PHP/corrosion/thinkphp/lang/zh-cn.php
[ info ] [ ROUTE ] array (
  'type' => 'module',
  'module' => 
  array (
    0 => 'uploads',
    1 => '20181218',
    2 => 'a0bd964d07e32e43bf9e7c3621190e54.png',
  ),
)
[ info ] [ HEADER ] array (
  'host' => 'www.corrosion.com',
  'connection' => 'keep-alive',
  'user-agent' => 'Mozilla/5.0 (Macintosh; Intel Mac OS X 10_14_1) AppleWebKit/537.36 (KHTML, like Gecko) Chrome/71.0.3578.98 Safari/537.36',
  'accept' => 'image/webp,image/apng,image/*,*/*;q=0.8',
  'referer' => 'http://www.corrosion.com/index/Conference/index',
  'accept-encoding' => 'gzip, deflate',
  'accept-language' => 'zh-CN,zh;q=0.9,en;q=0.8',
)
[ info ] [ PARAM ] array (
  '/uploads/20181218/a0bd964d07e32e43bf9e7c3621190e54_png' => '',
)
[ info ] [ LOG ] INIT File
---------------------------------------------------------------
[ 2018-12-22T14:15:07+08:00 ] 127.0.0.1 GET www.corrosion.com/index/conference/index
[运行时间：2.076993s] [吞吐率：0.48req/s] [内存消耗：2,920.78kb] [文件加载：57]
[ info ] [ LANG ] /Users/iimt/Development/PHP/corrosion/thinkphp/lang/zh-cn.php
[ info ] [ ROUTE ] array (
  'type' => 'module',
  'module' => 
  array (
    0 => 'index',
    1 => 'conference',
    2 => 'index',
  ),
)
[ info ] [ HEADER ] array (
  'host' => 'www.corrosion.com',
  'connection' => 'keep-alive',
  'upgrade-insecure-requests' => '1',
  'user-agent' => 'Mozilla/5.0 (Macintosh; Intel Mac OS X 10_14_1) AppleWebKit/537.36 (KHTML, like Gecko) Chrome/71.0.3578.98 Safari/537.36',
  'accept' => 'text/html,application/xhtml+xml,application/xml;q=0.9,image/webp,image/apng,*/*;q=0.8',
  'referer' => 'http://www.corrosion.com/index/Conference/index',
  'accept-encoding' => 'gzip, deflate',
  'accept-language' => 'zh-CN,zh;q=0.9,en;q=0.8',
)
[ info ] [ PARAM ] array (
  '/index/conference/index' => '',
)
[ info ] [ DB ] INIT mysql
[ info ] [ RUN ] app\index\controller\Conference->index[ /Users/iimt/Development/PHP/corrosion/application/index/controller/Conference.php ]
[ info ] [ VIEW ] /Users/iimt/Development/PHP/corrosion/public/../application/index/view/conference/index.html [ array (
  0 => 'nav',
  1 => 'friends',
  2 => 'site',
  3 => 'footer',
  4 => 'currTitle',
  5 => 'base',
  6 => 'pic',
  7 => 'Org',
  8 => 'currID',
) ]
[ info ] [ LOG ] INIT File
[ sql ] [ DB ] CONNECT:[ UseTime:0.139040s ] mysql:host=www.iimt.me;dbname=corrosion;charset=utf8
[ sql ] [ SQL ] SHOW COLUMNS FROM `nav` [ RunTime:0.079412s ]
[ sql ] [ SQL ] SELECT * FROM `nav` ORDER BY `priority` DESC [ RunTime:0.076728s ]
[ sql ] [ SQL ] SHOW COLUMNS FROM `friends` [ RunTime:0.076605s ]
[ sql ] [ SQL ] SELECT * FROM `friends` [ RunTime:0.078189s ]
[ sql ] [ SQL ] SHOW COLUMNS FROM `site` [ RunTime:0.078454s ]
[ sql ] [ SQL ] SELECT * FROM `site` WHERE  `id` = 1 LIMIT 1 [ RunTime:0.316949s ]
[ sql ] [ SQL ] SHOW COLUMNS FROM `footer` [ RunTime:0.078873s ]
[ sql ] [ SQL ] SELECT * FROM `footer` LIMIT 1 [ RunTime:0.077558s ]
[ sql ] [ SQL ] SHOW COLUMNS FROM `conference` [ RunTime:0.079251s ]
[ sql ] [ SQL ] SELECT `id` FROM `conference` ORDER BY `id` ASC [ RunTime:0.078124s ]
[ sql ] [ SQL ] SELECT `id`,`newsid`,`waittime`,`theme`,`spot`,`host`,`title`,`hostlogo` FROM `conference` WHERE  `id` = 10 LIMIT 1 [ RunTime:0.078234s ]
[ sql ] [ SQL ] SHOW COLUMNS FROM `article` [ RunTime:0.078158s ]
[ sql ] [ SQL ] SELECT `id`,`title` FROM `article` WHERE  `id` IN (25,23,3) [ RunTime:0.078535s ]
[ sql ] [ SQL ] SELECT `id`,`banner`,`history`,`historypic` FROM `conference` WHERE  `id` = 10 LIMIT 1 [ RunTime:0.078243s ]
[ sql ] [ SQL ] SHOW COLUMNS FROM `orgcate` [ RunTime:0.078491s ]
[ sql ] [ SQL ] SELECT * FROM `orgcate` WHERE  `remark` = 'media' LIMIT 1 [ RunTime:0.078030s ]
[ sql ] [ SQL ] SHOW COLUMNS FROM `organization` [ RunTime:0.077549s ]
[ sql ] [ SQL ] SELECT * FROM `organization` WHERE  `cid` = 10  AND `ballid` = 10 [ RunTime:0.078195s ]
[ sql ] [ SQL ] SELECT * FROM `orgcate` [ RunTime:0.076669s ]
[ sql ] [ SQL ] SELECT * FROM `organization` WHERE  `cid` = 2  AND `ballid` = 10 [ RunTime:0.078632s ]
[ sql ] [ SQL ] SELECT * FROM `organization` WHERE  `cid` = 3  AND `ballid` = 10 [ RunTime:0.077181s ]
---------------------------------------------------------------
[ 2018-12-22T14:15:07+08:00 ] 127.0.0.1 GET www.corrosion.com/uploads/20181218/6bd3398a47005001c75562ed348efaa2.png
[运行时间：0.017094s] [吞吐率：58.50req/s] [内存消耗：1,196.32kb] [文件加载：30]
[ info ] [ LANG ] /Users/iimt/Development/PHP/corrosion/thinkphp/lang/zh-cn.php
[ info ] [ ROUTE ] array (
  'type' => 'module',
  'module' => 
  array (
    0 => 'uploads',
    1 => '20181218',
    2 => '6bd3398a47005001c75562ed348efaa2.png',
  ),
)
[ info ] [ HEADER ] array (
  'host' => 'www.corrosion.com',
  'connection' => 'keep-alive',
  'user-agent' => 'Mozilla/5.0 (Macintosh; Intel Mac OS X 10_14_1) AppleWebKit/537.36 (KHTML, like Gecko) Chrome/71.0.3578.98 Safari/537.36',
  'accept' => 'image/webp,image/apng,image/*,*/*;q=0.8',
  'referer' => 'http://www.corrosion.com/index/conference/index',
  'accept-encoding' => 'gzip, deflate',
  'accept-language' => 'zh-CN,zh;q=0.9,en;q=0.8',
)
[ info ] [ PARAM ] array (
  '/uploads/20181218/6bd3398a47005001c75562ed348efaa2_png' => '',
)
[ info ] [ LOG ] INIT File
---------------------------------------------------------------
[ 2018-12-22T14:15:07+08:00 ] 127.0.0.1 GET www.corrosion.com/uploads/20181218/3c360228ccdeedd7cf542fc97c61bb7a.png
[运行时间：0.020668s] [吞吐率：48.38req/s] [内存消耗：1,196.91kb] [文件加载：30]
[ info ] [ LANG ] /Users/iimt/Development/PHP/corrosion/thinkphp/lang/zh-cn.php
[ info ] [ ROUTE ] array (
  'type' => 'module',
  'module' => 
  array (
    0 => 'uploads',
    1 => '20181218',
    2 => '3c360228ccdeedd7cf542fc97c61bb7a.png',
  ),
)
[ info ] [ HEADER ] array (
  'host' => 'www.corrosion.com',
  'connection' => 'keep-alive',
  'user-agent' => 'Mozilla/5.0 (Macintosh; Intel Mac OS X 10_14_1) AppleWebKit/537.36 (KHTML, like Gecko) Chrome/71.0.3578.98 Safari/537.36',
  'accept' => 'image/webp,image/apng,image/*,*/*;q=0.8',
  'referer' => 'http://www.corrosion.com/index/conference/index',
  'accept-encoding' => 'gzip, deflate',
  'accept-language' => 'zh-CN,zh;q=0.9,en;q=0.8',
)
[ info ] [ PARAM ] array (
  '/uploads/20181218/3c360228ccdeedd7cf542fc97c61bb7a_png' => '',
)
[ info ] [ LOG ] INIT File
---------------------------------------------------------------
[ 2018-12-22T14:15:07+08:00 ] 127.0.0.1 GET www.corrosion.com/uploads/20181218/6f34558570548b2fd310a9f48ce28094.png
[运行时间：0.017123s] [吞吐率：58.40req/s] [内存消耗：1,196.32kb] [文件加载：30]
[ info ] [ LANG ] /Users/iimt/Development/PHP/corrosion/thinkphp/lang/zh-cn.php
[ info ] [ ROUTE ] array (
  'type' => 'module',
  'module' => 
  array (
    0 => 'uploads',
    1 => '20181218',
    2 => '6f34558570548b2fd310a9f48ce28094.png',
  ),
)
[ info ] [ HEADER ] array (
  'host' => 'www.corrosion.com',
  'connection' => 'keep-alive',
  'user-agent' => 'Mozilla/5.0 (Macintosh; Intel Mac OS X 10_14_1) AppleWebKit/537.36 (KHTML, like Gecko) Chrome/71.0.3578.98 Safari/537.36',
  'accept' => 'image/webp,image/apng,image/*,*/*;q=0.8',
  'referer' => 'http://www.corrosion.com/index/conference/index',
  'accept-encoding' => 'gzip, deflate',
  'accept-language' => 'zh-CN,zh;q=0.9,en;q=0.8',
)
[ info ] [ PARAM ] array (
  '/uploads/20181218/6f34558570548b2fd310a9f48ce28094_png' => '',
)
[ info ] [ LOG ] INIT File
---------------------------------------------------------------
[ 2018-12-22T14:15:07+08:00 ] 127.0.0.1 GET www.corrosion.com/uploads/20181218/c1f3589e99806e744c0817cb60096cff.png
[运行时间：0.017864s] [吞吐率：55.98req/s] [内存消耗：1,196.32kb] [文件加载：30]
[ info ] [ LANG ] /Users/iimt/Development/PHP/corrosion/thinkphp/lang/zh-cn.php
[ info ] [ ROUTE ] array (
  'type' => 'module',
  'module' => 
  array (
    0 => 'uploads',
    1 => '20181218',
    2 => 'c1f3589e99806e744c0817cb60096cff.png',
  ),
)
[ info ] [ HEADER ] array (
  'host' => 'www.corrosion.com',
  'connection' => 'keep-alive',
  'user-agent' => 'Mozilla/5.0 (Macintosh; Intel Mac OS X 10_14_1) AppleWebKit/537.36 (KHTML, like Gecko) Chrome/71.0.3578.98 Safari/537.36',
  'accept' => 'image/webp,image/apng,image/*,*/*;q=0.8',
  'referer' => 'http://www.corrosion.com/index/conference/index',
  'accept-encoding' => 'gzip, deflate',
  'accept-language' => 'zh-CN,zh;q=0.9,en;q=0.8',
)
[ info ] [ PARAM ] array (
  '/uploads/20181218/c1f3589e99806e744c0817cb60096cff_png' => '',
)
[ info ] [ LOG ] INIT File
---------------------------------------------------------------
[ 2018-12-22T14:15:07+08:00 ] 127.0.0.1 GET www.corrosion.com/uploads/20181218/0cb33a50d3deb9084c8d3b94da538452.png
[运行时间：0.021413s] [吞吐率：46.70req/s] [内存消耗：1,196.91kb] [文件加载：30]
[ info ] [ LANG ] /Users/iimt/Development/PHP/corrosion/thinkphp/lang/zh-cn.php
[ info ] [ ROUTE ] array (
  'type' => 'module',
  'module' => 
  array (
    0 => 'uploads',
    1 => '20181218',
    2 => '0cb33a50d3deb9084c8d3b94da538452.png',
  ),
)
[ info ] [ HEADER ] array (
  'host' => 'www.corrosion.com',
  'connection' => 'keep-alive',
  'user-agent' => 'Mozilla/5.0 (Macintosh; Intel Mac OS X 10_14_1) AppleWebKit/537.36 (KHTML, like Gecko) Chrome/71.0.3578.98 Safari/537.36',
  'accept' => 'image/webp,image/apng,image/*,*/*;q=0.8',
  'referer' => 'http://www.corrosion.com/index/conference/index',
  'accept-encoding' => 'gzip, deflate',
  'accept-language' => 'zh-CN,zh;q=0.9,en;q=0.8',
)
[ info ] [ PARAM ] array (
  '/uploads/20181218/0cb33a50d3deb9084c8d3b94da538452_png' => '',
)
[ info ] [ LOG ] INIT File
---------------------------------------------------------------
[ 2018-12-22T14:15:07+08:00 ] 127.0.0.1 GET www.corrosion.com/uploads/20181218/a0bd964d07e32e43bf9e7c3621190e54.png
[运行时间：0.023882s] [吞吐率：41.87req/s] [内存消耗：1,196.91kb] [文件加载：30]
[ info ] [ LANG ] /Users/iimt/Development/PHP/corrosion/thinkphp/lang/zh-cn.php
[ info ] [ ROUTE ] array (
  'type' => 'module',
  'module' => 
  array (
    0 => 'uploads',
    1 => '20181218',
    2 => 'a0bd964d07e32e43bf9e7c3621190e54.png',
  ),
)
[ info ] [ HEADER ] array (
  'host' => 'www.corrosion.com',
  'connection' => 'keep-alive',
  'user-agent' => 'Mozilla/5.0 (Macintosh; Intel Mac OS X 10_14_1) AppleWebKit/537.36 (KHTML, like Gecko) Chrome/71.0.3578.98 Safari/537.36',
  'accept' => 'image/webp,image/apng,image/*,*/*;q=0.8',
  'referer' => 'http://www.corrosion.com/index/conference/index',
  'accept-encoding' => 'gzip, deflate',
  'accept-language' => 'zh-CN,zh;q=0.9,en;q=0.8',
)
[ info ] [ PARAM ] array (
  '/uploads/20181218/a0bd964d07e32e43bf9e7c3621190e54_png' => '',
)
[ info ] [ LOG ] INIT File
---------------------------------------------------------------
[ 2018-12-22T14:15:11+08:00 ] 127.0.0.1 GET www.corrosion.com/index/conference/unit
[运行时间：2.322884s] [吞吐率：0.43req/s] [内存消耗：3,124.01kb] [文件加载：59]
[ info ] [ LANG ] /Users/iimt/Development/PHP/corrosion/thinkphp/lang/zh-cn.php
[ info ] [ ROUTE ] array (
  'type' => 'module',
  'module' => 
  array (
    0 => 'index',
    1 => 'conference',
    2 => 'unit',
  ),
)
[ info ] [ HEADER ] array (
  'host' => 'www.corrosion.com',
  'connection' => 'keep-alive',
  'upgrade-insecure-requests' => '1',
  'user-agent' => 'Mozilla/5.0 (Macintosh; Intel Mac OS X 10_14_1) AppleWebKit/537.36 (KHTML, like Gecko) Chrome/71.0.3578.98 Safari/537.36',
  'accept' => 'text/html,application/xhtml+xml,application/xml;q=0.9,image/webp,image/apng,*/*;q=0.8',
  'referer' => 'http://www.corrosion.com/index/conference/index',
  'accept-encoding' => 'gzip, deflate',
  'accept-language' => 'zh-CN,zh;q=0.9,en;q=0.8',
)
[ info ] [ PARAM ] array (
  '/index/conference/unit' => '',
)
[ info ] [ DB ] INIT mysql
[ info ] [ RUN ] app\index\controller\Conference->unit[ /Users/iimt/Development/PHP/corrosion/application/index/controller/Conference.php ]
[ info ] [ VIEW ] /Users/iimt/Development/PHP/corrosion/public/../application/index/view/conference/unit.html [ array (
  0 => 'nav',
  1 => 'friends',
  2 => 'site',
  3 => 'footer',
  4 => 'currTitle',
  5 => 'unitList',
  6 => 'base',
  7 => 'Org',
  8 => 'currID',
  9 => 'Title',
) ]
[ info ] [ LOG ] INIT File
[ sql ] [ DB ] CONNECT:[ UseTime:0.136491s ] mysql:host=www.iimt.me;dbname=corrosion;charset=utf8
[ sql ] [ SQL ] SHOW COLUMNS FROM `nav` [ RunTime:0.077596s ]
[ sql ] [ SQL ] SELECT * FROM `nav` ORDER BY `priority` DESC [ RunTime:0.078172s ]
[ sql ] [ SQL ] SHOW COLUMNS FROM `friends` [ RunTime:0.076866s ]
[ sql ] [ SQL ] SELECT * FROM `friends` [ RunTime:0.078368s ]
[ sql ] [ SQL ] SHOW COLUMNS FROM `site` [ RunTime:0.077401s ]
[ sql ] [ SQL ] SELECT * FROM `site` WHERE  `id` = 1 LIMIT 1 [ RunTime:0.077459s ]
[ sql ] [ SQL ] SHOW COLUMNS FROM `footer` [ RunTime:0.079180s ]
[ sql ] [ SQL ] SELECT * FROM `footer` LIMIT 1 [ RunTime:0.079137s ]
[ sql ] [ SQL ] SHOW COLUMNS FROM `conference` [ RunTime:0.078512s ]
[ sql ] [ SQL ] SELECT `id` FROM `conference` ORDER BY `id` ASC [ RunTime:0.316989s ]
[ sql ] [ SQL ] SHOW COLUMNS FROM `orgcate` [ RunTime:0.077238s ]
[ sql ] [ SQL ] SELECT * FROM `orgcate` WHERE  `remark` = 'media' LIMIT 1 [ RunTime:0.342661s ]
[ sql ] [ SQL ] SHOW COLUMNS FROM `organization` [ RunTime:0.078161s ]
[ sql ] [ SQL ] SELECT * FROM `organization` WHERE  `cid` = 10  AND `ballid` = 10 [ RunTime:0.077461s ]
[ sql ] [ SQL ] SELECT * FROM `orgcate` [ RunTime:0.077603s ]
[ sql ] [ SQL ] SELECT * FROM `organization` WHERE  `cid` = 2  AND `ballid` = 10 [ RunTime:0.077710s ]
[ sql ] [ SQL ] SELECT * FROM `organization` WHERE  `cid` = 3  AND `ballid` = 10 [ RunTime:0.078068s ]
[ sql ] [ SQL ] SELECT `id`,`newsid`,`waittime`,`theme`,`spot`,`host`,`title`,`hostlogo` FROM `conference` WHERE  `id` = 10 LIMIT 1 [ RunTime:0.078268s ]
[ sql ] [ SQL ] SHOW COLUMNS FROM `article` [ RunTime:0.079013s ]
[ sql ] [ SQL ] SELECT `id`,`title` FROM `article` WHERE  `id` IN (25,23,3) [ RunTime:0.076990s ]
[ sql ] [ SQL ] SELECT `id`,`title`,`history`,`hotel`,`past`,`schedule`,`thesis`,`travel`,`about` FROM `conference` WHERE  `id` = 10 LIMIT 1 [ RunTime:0.078232s ]
---------------------------------------------------------------
[ 2018-12-22T14:15:11+08:00 ] 127.0.0.1 GET www.corrosion.com/uploads/20181218/3c360228ccdeedd7cf542fc97c61bb7a.png
[运行时间：0.012498s] [吞吐率：80.01req/s] [内存消耗：1,196.32kb] [文件加载：30]
[ info ] [ LANG ] /Users/iimt/Development/PHP/corrosion/thinkphp/lang/zh-cn.php
[ info ] [ ROUTE ] array (
  'type' => 'module',
  'module' => 
  array (
    0 => 'uploads',
    1 => '20181218',
    2 => '3c360228ccdeedd7cf542fc97c61bb7a.png',
  ),
)
[ info ] [ HEADER ] array (
  'host' => 'www.corrosion.com',
  'connection' => 'keep-alive',
  'user-agent' => 'Mozilla/5.0 (Macintosh; Intel Mac OS X 10_14_1) AppleWebKit/537.36 (KHTML, like Gecko) Chrome/71.0.3578.98 Safari/537.36',
  'accept' => 'image/webp,image/apng,image/*,*/*;q=0.8',
  'referer' => 'http://www.corrosion.com/index/conference/unit',
  'accept-encoding' => 'gzip, deflate',
  'accept-language' => 'zh-CN,zh;q=0.9,en;q=0.8',
)
[ info ] [ PARAM ] array (
  '/uploads/20181218/3c360228ccdeedd7cf542fc97c61bb7a_png' => '',
)
[ info ] [ LOG ] INIT File
---------------------------------------------------------------
[ 2018-12-22T14:15:15+08:00 ] 127.0.0.1 GET www.corrosion.com/index/conference/hotel
[运行时间：2.302084s] [吞吐率：0.43req/s] [内存消耗：3,117.00kb] [文件加载：59]
[ info ] [ LANG ] /Users/iimt/Development/PHP/corrosion/thinkphp/lang/zh-cn.php
[ info ] [ ROUTE ] array (
  'type' => 'module',
  'module' => 
  array (
    0 => 'index',
    1 => 'conference',
    2 => 'hotel',
  ),
)
[ info ] [ HEADER ] array (
  'host' => 'www.corrosion.com',
  'connection' => 'keep-alive',
  'upgrade-insecure-requests' => '1',
  'user-agent' => 'Mozilla/5.0 (Macintosh; Intel Mac OS X 10_14_1) AppleWebKit/537.36 (KHTML, like Gecko) Chrome/71.0.3578.98 Safari/537.36',
  'accept' => 'text/html,application/xhtml+xml,application/xml;q=0.9,image/webp,image/apng,*/*;q=0.8',
  'referer' => 'http://www.corrosion.com/index/conference/unit',
  'accept-encoding' => 'gzip, deflate',
  'accept-language' => 'zh-CN,zh;q=0.9,en;q=0.8',
)
[ info ] [ PARAM ] array (
  '/index/conference/hotel' => '',
)
[ info ] [ DB ] INIT mysql
[ info ] [ RUN ] app\index\controller\Conference->hotel[ /Users/iimt/Development/PHP/corrosion/application/index/controller/Conference.php ]
[ info ] [ VIEW ] /Users/iimt/Development/PHP/corrosion/public/../application/index/view/conference/hotel.html [ array (
  0 => 'nav',
  1 => 'friends',
  2 => 'site',
  3 => 'footer',
  4 => 'currTitle',
  5 => 'hotel',
  6 => 'base',
  7 => 'Org',
  8 => 'currID',
  9 => 'Title',
) ]
[ info ] [ LOG ] INIT File
[ sql ] [ DB ] CONNECT:[ UseTime:0.149321s ] mysql:host=www.iimt.me;dbname=corrosion;charset=utf8
[ sql ] [ SQL ] SHOW COLUMNS FROM `nav` [ RunTime:0.100178s ]
[ sql ] [ SQL ] SELECT * FROM `nav` ORDER BY `priority` DESC [ RunTime:0.100334s ]
[ sql ] [ SQL ] SHOW COLUMNS FROM `friends` [ RunTime:0.101376s ]
[ sql ] [ SQL ] SELECT * FROM `friends` [ RunTime:0.099745s ]
[ sql ] [ SQL ] SHOW COLUMNS FROM `site` [ RunTime:0.101337s ]
[ sql ] [ SQL ] SELECT * FROM `site` WHERE  `id` = 1 LIMIT 1 [ RunTime:0.098448s ]
[ sql ] [ SQL ] SHOW COLUMNS FROM `footer` [ RunTime:0.099467s ]
[ sql ] [ SQL ] SELECT * FROM `footer` LIMIT 1 [ RunTime:0.099754s ]
[ sql ] [ SQL ] SHOW COLUMNS FROM `conference` [ RunTime:0.101500s ]
[ sql ] [ SQL ] SELECT `id` FROM `conference` ORDER BY `id` ASC [ RunTime:0.100626s ]
[ sql ] [ SQL ] SHOW COLUMNS FROM `orgcate` [ RunTime:0.101048s ]
[ sql ] [ SQL ] SELECT * FROM `orgcate` WHERE  `remark` = 'media' LIMIT 1 [ RunTime:0.100992s ]
[ sql ] [ SQL ] SHOW COLUMNS FROM `organization` [ RunTime:0.101697s ]
[ sql ] [ SQL ] SELECT * FROM `organization` WHERE  `cid` = 10  AND `ballid` = 10 [ RunTime:0.100518s ]
[ sql ] [ SQL ] SELECT * FROM `orgcate` [ RunTime:0.099607s ]
[ sql ] [ SQL ] SELECT * FROM `organization` WHERE  `cid` = 2  AND `ballid` = 10 [ RunTime:0.101123s ]
[ sql ] [ SQL ] SELECT * FROM `organization` WHERE  `cid` = 3  AND `ballid` = 10 [ RunTime:0.100882s ]
[ sql ] [ SQL ] SELECT `id`,`newsid`,`waittime`,`theme`,`spot`,`host`,`title`,`hostlogo` FROM `conference` WHERE  `id` = 10 LIMIT 1 [ RunTime:0.101115s ]
[ sql ] [ SQL ] SHOW COLUMNS FROM `article` [ RunTime:0.100908s ]
[ sql ] [ SQL ] SELECT `id`,`title` FROM `article` WHERE  `id` IN (25,23,3) [ RunTime:0.100896s ]
[ sql ] [ SQL ] SELECT `id`,`title`,`history`,`hotel`,`past`,`schedule`,`thesis`,`travel`,`about` FROM `conference` WHERE  `id` = 10 LIMIT 1 [ RunTime:0.100844s ]
---------------------------------------------------------------
[ 2018-12-22T14:15:15+08:00 ] 127.0.0.1 GET www.corrosion.com/uploads/20181218/3c360228ccdeedd7cf542fc97c61bb7a.png
[运行时间：0.013614s] [吞吐率：73.45req/s] [内存消耗：1,196.32kb] [文件加载：30]
[ info ] [ LANG ] /Users/iimt/Development/PHP/corrosion/thinkphp/lang/zh-cn.php
[ info ] [ ROUTE ] array (
  'type' => 'module',
  'module' => 
  array (
    0 => 'uploads',
    1 => '20181218',
    2 => '3c360228ccdeedd7cf542fc97c61bb7a.png',
  ),
)
[ info ] [ HEADER ] array (
  'host' => 'www.corrosion.com',
  'connection' => 'keep-alive',
  'user-agent' => 'Mozilla/5.0 (Macintosh; Intel Mac OS X 10_14_1) AppleWebKit/537.36 (KHTML, like Gecko) Chrome/71.0.3578.98 Safari/537.36',
  'accept' => 'image/webp,image/apng,image/*,*/*;q=0.8',
  'referer' => 'http://www.corrosion.com/index/conference/hotel',
  'accept-encoding' => 'gzip, deflate',
  'accept-language' => 'zh-CN,zh;q=0.9,en;q=0.8',
)
[ info ] [ PARAM ] array (
  '/uploads/20181218/3c360228ccdeedd7cf542fc97c61bb7a_png' => '',
)
[ info ] [ LOG ] INIT File
---------------------------------------------------------------
[ 2018-12-22T14:15:19+08:00 ] 127.0.0.1 GET www.corrosion.com/index/conference/history
[运行时间：2.521200s] [吞吐率：0.40req/s] [内存消耗：3,117.09kb] [文件加载：59]
[ info ] [ LANG ] /Users/iimt/Development/PHP/corrosion/thinkphp/lang/zh-cn.php
[ info ] [ ROUTE ] array (
  'type' => 'module',
  'module' => 
  array (
    0 => 'index',
    1 => 'conference',
    2 => 'history',
  ),
)
[ info ] [ HEADER ] array (
  'host' => 'www.corrosion.com',
  'connection' => 'keep-alive',
  'upgrade-insecure-requests' => '1',
  'user-agent' => 'Mozilla/5.0 (Macintosh; Intel Mac OS X 10_14_1) AppleWebKit/537.36 (KHTML, like Gecko) Chrome/71.0.3578.98 Safari/537.36',
  'accept' => 'text/html,application/xhtml+xml,application/xml;q=0.9,image/webp,image/apng,*/*;q=0.8',
  'referer' => 'http://www.corrosion.com/index/conference/hotel',
  'accept-encoding' => 'gzip, deflate',
  'accept-language' => 'zh-CN,zh;q=0.9,en;q=0.8',
)
[ info ] [ PARAM ] array (
  '/index/conference/history' => '',
)
[ info ] [ DB ] INIT mysql
[ info ] [ RUN ] app\index\controller\Conference->history[ /Users/iimt/Development/PHP/corrosion/application/index/controller/Conference.php ]
[ info ] [ VIEW ] /Users/iimt/Development/PHP/corrosion/public/../application/index/view/conference/history.html [ array (
  0 => 'nav',
  1 => 'friends',
  2 => 'site',
  3 => 'footer',
  4 => 'currTitle',
  5 => 'history',
  6 => 'base',
  7 => 'Org',
  8 => 'currID',
  9 => 'Title',
) ]
[ info ] [ LOG ] INIT File
[ sql ] [ DB ] CONNECT:[ UseTime:0.398066s ] mysql:host=www.iimt.me;dbname=corrosion;charset=utf8
[ sql ] [ SQL ] SHOW COLUMNS FROM `nav` [ RunTime:0.099151s ]
[ sql ] [ SQL ] SELECT * FROM `nav` ORDER BY `priority` DESC [ RunTime:0.099689s ]
[ sql ] [ SQL ] SHOW COLUMNS FROM `friends` [ RunTime:0.100146s ]
[ sql ] [ SQL ] SELECT * FROM `friends` [ RunTime:0.099581s ]
[ sql ] [ SQL ] SHOW COLUMNS FROM `site` [ RunTime:0.097965s ]
[ sql ] [ SQL ] SELECT * FROM `site` WHERE  `id` = 1 LIMIT 1 [ RunTime:0.098702s ]
[ sql ] [ SQL ] SHOW COLUMNS FROM `footer` [ RunTime:0.099448s ]
[ sql ] [ SQL ] SELECT * FROM `footer` LIMIT 1 [ RunTime:0.099152s ]
[ sql ] [ SQL ] SHOW COLUMNS FROM `conference` [ RunTime:0.100391s ]
[ sql ] [ SQL ] SELECT `id` FROM `conference` ORDER BY `id` ASC [ RunTime:0.099353s ]
[ sql ] [ SQL ] SHOW COLUMNS FROM `orgcate` [ RunTime:0.098944s ]
[ sql ] [ SQL ] SELECT * FROM `orgcate` WHERE  `remark` = 'media' LIMIT 1 [ RunTime:0.098027s ]
[ sql ] [ SQL ] SHOW COLUMNS FROM `organization` [ RunTime:0.100248s ]
[ sql ] [ SQL ] SELECT * FROM `organization` WHERE  `cid` = 10  AND `ballid` = 10 [ RunTime:0.099031s ]
[ sql ] [ SQL ] SELECT * FROM `orgcate` [ RunTime:0.099477s ]
[ sql ] [ SQL ] SELECT * FROM `organization` WHERE  `cid` = 2  AND `ballid` = 10 [ RunTime:0.099224s ]
[ sql ] [ SQL ] SELECT * FROM `organization` WHERE  `cid` = 3  AND `ballid` = 10 [ RunTime:0.100139s ]
[ sql ] [ SQL ] SELECT `id`,`newsid`,`waittime`,`theme`,`spot`,`host`,`title`,`hostlogo` FROM `conference` WHERE  `id` = 10 LIMIT 1 [ RunTime:0.099845s ]
[ sql ] [ SQL ] SHOW COLUMNS FROM `article` [ RunTime:0.098656s ]
[ sql ] [ SQL ] SELECT `id`,`title` FROM `article` WHERE  `id` IN (25,23,3) [ RunTime:0.098884s ]
[ sql ] [ SQL ] SELECT `id`,`title`,`history`,`hotel`,`past`,`schedule`,`thesis`,`travel`,`about` FROM `conference` WHERE  `id` = 10 LIMIT 1 [ RunTime:0.098547s ]
---------------------------------------------------------------
[ 2018-12-22T14:15:19+08:00 ] 127.0.0.1 GET www.corrosion.com/uploads/20181218/3c360228ccdeedd7cf542fc97c61bb7a.png
[运行时间：0.011304s] [吞吐率：88.47req/s] [内存消耗：1,196.32kb] [文件加载：30]
[ info ] [ LANG ] /Users/iimt/Development/PHP/corrosion/thinkphp/lang/zh-cn.php
[ info ] [ ROUTE ] array (
  'type' => 'module',
  'module' => 
  array (
    0 => 'uploads',
    1 => '20181218',
    2 => '3c360228ccdeedd7cf542fc97c61bb7a.png',
  ),
)
[ info ] [ HEADER ] array (
  'host' => 'www.corrosion.com',
  'connection' => 'keep-alive',
  'user-agent' => 'Mozilla/5.0 (Macintosh; Intel Mac OS X 10_14_1) AppleWebKit/537.36 (KHTML, like Gecko) Chrome/71.0.3578.98 Safari/537.36',
  'accept' => 'image/webp,image/apng,image/*,*/*;q=0.8',
  'referer' => 'http://www.corrosion.com/index/conference/history',
  'accept-encoding' => 'gzip, deflate',
  'accept-language' => 'zh-CN,zh;q=0.9,en;q=0.8',
)
[ info ] [ PARAM ] array (
  '/uploads/20181218/3c360228ccdeedd7cf542fc97c61bb7a_png' => '',
)
[ info ] [ LOG ] INIT File
---------------------------------------------------------------
[ 2018-12-22T14:19:16+08:00 ] 127.0.0.1 GET www.corrosion.com/index/conference/index
[运行时间：2.316806s] [吞吐率：0.43req/s] [内存消耗：2,920.20kb] [文件加载：57]
[ info ] [ LANG ] /Users/iimt/Development/PHP/corrosion/thinkphp/lang/zh-cn.php
[ info ] [ ROUTE ] array (
  'type' => 'module',
  'module' => 
  array (
    0 => 'index',
    1 => 'conference',
    2 => 'index',
  ),
)
[ info ] [ HEADER ] array (
  'host' => 'www.corrosion.com',
  'connection' => 'keep-alive',
  'upgrade-insecure-requests' => '1',
  'user-agent' => 'Mozilla/5.0 (Macintosh; Intel Mac OS X 10_14_1) AppleWebKit/537.36 (KHTML, like Gecko) Chrome/71.0.3578.98 Safari/537.36',
  'accept' => 'text/html,application/xhtml+xml,application/xml;q=0.9,image/webp,image/apng,*/*;q=0.8',
  'referer' => 'http://www.corrosion.com/index/conference/history',
  'accept-encoding' => 'gzip, deflate',
  'accept-language' => 'zh-CN,zh;q=0.9,en;q=0.8',
)
[ info ] [ PARAM ] array (
  '/index/conference/index' => '',
)
[ info ] [ DB ] INIT mysql
[ info ] [ RUN ] app\index\controller\Conference->index[ /Users/iimt/Development/PHP/corrosion/application/index/controller/Conference.php ]
[ info ] [ VIEW ] /Users/iimt/Development/PHP/corrosion/public/../application/index/view/conference/index.html [ array (
  0 => 'nav',
  1 => 'friends',
  2 => 'site',
  3 => 'footer',
  4 => 'currTitle',
  5 => 'base',
  6 => 'pic',
  7 => 'Org',
  8 => 'currID',
) ]
[ info ] [ LOG ] INIT File
[ sql ] [ DB ] CONNECT:[ UseTime:0.173751s ] mysql:host=www.iimt.me;dbname=corrosion;charset=utf8
[ sql ] [ SQL ] SHOW COLUMNS FROM `nav` [ RunTime:0.099743s ]
[ sql ] [ SQL ] SELECT * FROM `nav` ORDER BY `priority` DESC [ RunTime:0.097453s ]
[ sql ] [ SQL ] SHOW COLUMNS FROM `friends` [ RunTime:0.097544s ]
[ sql ] [ SQL ] SELECT * FROM `friends` [ RunTime:0.099666s ]
[ sql ] [ SQL ] SHOW COLUMNS FROM `site` [ RunTime:0.099423s ]
[ sql ] [ SQL ] SELECT * FROM `site` WHERE  `id` = 1 LIMIT 1 [ RunTime:0.099593s ]
[ sql ] [ SQL ] SHOW COLUMNS FROM `footer` [ RunTime:0.098937s ]
[ sql ] [ SQL ] SELECT * FROM `footer` LIMIT 1 [ RunTime:0.098415s ]
[ sql ] [ SQL ] SHOW COLUMNS FROM `conference` [ RunTime:0.100380s ]
[ sql ] [ SQL ] SELECT `id` FROM `conference` ORDER BY `id` ASC [ RunTime:0.099681s ]
[ sql ] [ SQL ] SELECT `id`,`newsid`,`waittime`,`theme`,`spot`,`host`,`title`,`hostlogo` FROM `conference` WHERE  `id` = 10 LIMIT 1 [ RunTime:0.098465s ]
[ sql ] [ SQL ] SHOW COLUMNS FROM `article` [ RunTime:0.100321s ]
[ sql ] [ SQL ] SELECT `id`,`title` FROM `article` WHERE  `id` IN (25,23,3) [ RunTime:0.099511s ]
[ sql ] [ SQL ] SELECT `id`,`banner`,`history`,`historypic` FROM `conference` WHERE  `id` = 10 LIMIT 1 [ RunTime:0.098060s ]
[ sql ] [ SQL ] SHOW COLUMNS FROM `orgcate` [ RunTime:0.099213s ]
[ sql ] [ SQL ] SELECT * FROM `orgcate` WHERE  `remark` = 'media' LIMIT 1 [ RunTime:0.098970s ]
[ sql ] [ SQL ] SHOW COLUMNS FROM `organization` [ RunTime:0.100442s ]
[ sql ] [ SQL ] SELECT * FROM `organization` WHERE  `cid` = 10  AND `ballid` = 10 [ RunTime:0.098428s ]
[ sql ] [ SQL ] SELECT * FROM `orgcate` [ RunTime:0.098884s ]
[ sql ] [ SQL ] SELECT * FROM `organization` WHERE  `cid` = 2  AND `ballid` = 10 [ RunTime:0.099913s ]
[ sql ] [ SQL ] SELECT * FROM `organization` WHERE  `cid` = 3  AND `ballid` = 10 [ RunTime:0.099624s ]
---------------------------------------------------------------
[ 2018-12-22T14:19:16+08:00 ] 127.0.0.1 GET www.corrosion.com/uploads/20181218/6bd3398a47005001c75562ed348efaa2.png
[运行时间：0.016812s] [吞吐率：59.48req/s] [内存消耗：1,196.32kb] [文件加载：30]
[ info ] [ LANG ] /Users/iimt/Development/PHP/corrosion/thinkphp/lang/zh-cn.php
[ info ] [ ROUTE ] array (
  'type' => 'module',
  'module' => 
  array (
    0 => 'uploads',
    1 => '20181218',
    2 => '6bd3398a47005001c75562ed348efaa2.png',
  ),
)
[ info ] [ HEADER ] array (
  'host' => 'www.corrosion.com',
  'connection' => 'keep-alive',
  'user-agent' => 'Mozilla/5.0 (Macintosh; Intel Mac OS X 10_14_1) AppleWebKit/537.36 (KHTML, like Gecko) Chrome/71.0.3578.98 Safari/537.36',
  'accept' => 'image/webp,image/apng,image/*,*/*;q=0.8',
  'referer' => 'http://www.corrosion.com/index/conference/index',
  'accept-encoding' => 'gzip, deflate',
  'accept-language' => 'zh-CN,zh;q=0.9,en;q=0.8',
)
[ info ] [ PARAM ] array (
  '/uploads/20181218/6bd3398a47005001c75562ed348efaa2_png' => '',
)
[ info ] [ LOG ] INIT File
---------------------------------------------------------------
[ 2018-12-22T14:19:16+08:00 ] 127.0.0.1 GET www.corrosion.com/uploads/20181218/3c360228ccdeedd7cf542fc97c61bb7a.png
[运行时间：0.016572s] [吞吐率：60.34req/s] [内存消耗：1,196.32kb] [文件加载：30]
[ info ] [ LANG ] /Users/iimt/Development/PHP/corrosion/thinkphp/lang/zh-cn.php
[ info ] [ ROUTE ] array (
  'type' => 'module',
  'module' => 
  array (
    0 => 'uploads',
    1 => '20181218',
    2 => '3c360228ccdeedd7cf542fc97c61bb7a.png',
  ),
)
[ info ] [ HEADER ] array (
  'host' => 'www.corrosion.com',
  'connection' => 'keep-alive',
  'user-agent' => 'Mozilla/5.0 (Macintosh; Intel Mac OS X 10_14_1) AppleWebKit/537.36 (KHTML, like Gecko) Chrome/71.0.3578.98 Safari/537.36',
  'accept' => 'image/webp,image/apng,image/*,*/*;q=0.8',
  'referer' => 'http://www.corrosion.com/index/conference/index',
  'accept-encoding' => 'gzip, deflate',
  'accept-language' => 'zh-CN,zh;q=0.9,en;q=0.8',
)
[ info ] [ PARAM ] array (
  '/uploads/20181218/3c360228ccdeedd7cf542fc97c61bb7a_png' => '',
)
[ info ] [ LOG ] INIT File
---------------------------------------------------------------
[ 2018-12-22T14:19:16+08:00 ] 127.0.0.1 GET www.corrosion.com/uploads/20181218/6f34558570548b2fd310a9f48ce28094.png
[运行时间：0.017608s] [吞吐率：56.79req/s] [内存消耗：1,196.32kb] [文件加载：30]
[ info ] [ LANG ] /Users/iimt/Development/PHP/corrosion/thinkphp/lang/zh-cn.php
[ info ] [ ROUTE ] array (
  'type' => 'module',
  'module' => 
  array (
    0 => 'uploads',
    1 => '20181218',
    2 => '6f34558570548b2fd310a9f48ce28094.png',
  ),
)
[ info ] [ HEADER ] array (
  'host' => 'www.corrosion.com',
  'connection' => 'keep-alive',
  'user-agent' => 'Mozilla/5.0 (Macintosh; Intel Mac OS X 10_14_1) AppleWebKit/537.36 (KHTML, like Gecko) Chrome/71.0.3578.98 Safari/537.36',
  'accept' => 'image/webp,image/apng,image/*,*/*;q=0.8',
  'referer' => 'http://www.corrosion.com/index/conference/index',
  'accept-encoding' => 'gzip, deflate',
  'accept-language' => 'zh-CN,zh;q=0.9,en;q=0.8',
)
[ info ] [ PARAM ] array (
  '/uploads/20181218/6f34558570548b2fd310a9f48ce28094_png' => '',
)
[ info ] [ LOG ] INIT File
---------------------------------------------------------------
[ 2018-12-22T14:19:16+08:00 ] 127.0.0.1 GET www.corrosion.com/uploads/20181218/0cb33a50d3deb9084c8d3b94da538452.png
[运行时间：0.023158s] [吞吐率：43.18req/s] [内存消耗：1,196.91kb] [文件加载：30]
[ info ] [ LANG ] /Users/iimt/Development/PHP/corrosion/thinkphp/lang/zh-cn.php
[ info ] [ ROUTE ] array (
  'type' => 'module',
  'module' => 
  array (
    0 => 'uploads',
    1 => '20181218',
    2 => '0cb33a50d3deb9084c8d3b94da538452.png',
  ),
)
[ info ] [ HEADER ] array (
  'host' => 'www.corrosion.com',
  'connection' => 'keep-alive',
  'user-agent' => 'Mozilla/5.0 (Macintosh; Intel Mac OS X 10_14_1) AppleWebKit/537.36 (KHTML, like Gecko) Chrome/71.0.3578.98 Safari/537.36',
  'accept' => 'image/webp,image/apng,image/*,*/*;q=0.8',
  'referer' => 'http://www.corrosion.com/index/conference/index',
  'accept-encoding' => 'gzip, deflate',
  'accept-language' => 'zh-CN,zh;q=0.9,en;q=0.8',
)
[ info ] [ PARAM ] array (
  '/uploads/20181218/0cb33a50d3deb9084c8d3b94da538452_png' => '',
)
[ info ] [ LOG ] INIT File
---------------------------------------------------------------
[ 2018-12-22T14:19:16+08:00 ] 127.0.0.1 GET www.corrosion.com/uploads/20181218/c1f3589e99806e744c0817cb60096cff.png
[运行时间：0.027342s] [吞吐率：36.57req/s] [内存消耗：1,196.32kb] [文件加载：30]
[ info ] [ LANG ] /Users/iimt/Development/PHP/corrosion/thinkphp/lang/zh-cn.php
[ info ] [ ROUTE ] array (
  'type' => 'module',
  'module' => 
  array (
    0 => 'uploads',
    1 => '20181218',
    2 => 'c1f3589e99806e744c0817cb60096cff.png',
  ),
)
[ info ] [ HEADER ] array (
  'host' => 'www.corrosion.com',
  'connection' => 'keep-alive',
  'user-agent' => 'Mozilla/5.0 (Macintosh; Intel Mac OS X 10_14_1) AppleWebKit/537.36 (KHTML, like Gecko) Chrome/71.0.3578.98 Safari/537.36',
  'accept' => 'image/webp,image/apng,image/*,*/*;q=0.8',
  'referer' => 'http://www.corrosion.com/index/conference/index',
  'accept-encoding' => 'gzip, deflate',
  'accept-language' => 'zh-CN,zh;q=0.9,en;q=0.8',
)
[ info ] [ PARAM ] array (
  '/uploads/20181218/c1f3589e99806e744c0817cb60096cff_png' => '',
)
[ info ] [ LOG ] INIT File
---------------------------------------------------------------
[ 2018-12-22T14:19:16+08:00 ] 127.0.0.1 GET www.corrosion.com/uploads/20181218/a0bd964d07e32e43bf9e7c3621190e54.png
[运行时间：0.026909s] [吞吐率：37.16req/s] [内存消耗：1,196.32kb] [文件加载：30]
[ info ] [ LANG ] /Users/iimt/Development/PHP/corrosion/thinkphp/lang/zh-cn.php
[ info ] [ ROUTE ] array (
  'type' => 'module',
  'module' => 
  array (
    0 => 'uploads',
    1 => '20181218',
    2 => 'a0bd964d07e32e43bf9e7c3621190e54.png',
  ),
)
[ info ] [ HEADER ] array (
  'host' => 'www.corrosion.com',
  'connection' => 'keep-alive',
  'user-agent' => 'Mozilla/5.0 (Macintosh; Intel Mac OS X 10_14_1) AppleWebKit/537.36 (KHTML, like Gecko) Chrome/71.0.3578.98 Safari/537.36',
  'accept' => 'image/webp,image/apng,image/*,*/*;q=0.8',
  'referer' => 'http://www.corrosion.com/index/conference/index',
  'accept-encoding' => 'gzip, deflate',
  'accept-language' => 'zh-CN,zh;q=0.9,en;q=0.8',
)
[ info ] [ PARAM ] array (
  '/uploads/20181218/a0bd964d07e32e43bf9e7c3621190e54_png' => '',
)
[ info ] [ LOG ] INIT File
---------------------------------------------------------------
[ 2018-12-22T14:19:29+08:00 ] 127.0.0.1 GET www.corrosion.com/index/conference/index
[运行时间：2.425681s] [吞吐率：0.41req/s] [内存消耗：2,920.20kb] [文件加载：57]
[ info ] [ LANG ] /Users/iimt/Development/PHP/corrosion/thinkphp/lang/zh-cn.php
[ info ] [ ROUTE ] array (
  'type' => 'module',
  'module' => 
  array (
    0 => 'index',
    1 => 'conference',
    2 => 'index',
  ),
)
[ info ] [ HEADER ] array (
  'host' => 'www.corrosion.com',
  'connection' => 'keep-alive',
  'upgrade-insecure-requests' => '1',
  'user-agent' => 'Mozilla/5.0 (Macintosh; Intel Mac OS X 10_14_1) AppleWebKit/537.36 (KHTML, like Gecko) Chrome/71.0.3578.98 Safari/537.36',
  'accept' => 'text/html,application/xhtml+xml,application/xml;q=0.9,image/webp,image/apng,*/*;q=0.8',
  'referer' => 'http://www.corrosion.com/index/conference/index',
  'accept-encoding' => 'gzip, deflate',
  'accept-language' => 'zh-CN,zh;q=0.9,en;q=0.8',
)
[ info ] [ PARAM ] array (
  '/index/conference/index' => '',
)
[ info ] [ DB ] INIT mysql
[ info ] [ RUN ] app\index\controller\Conference->index[ /Users/iimt/Development/PHP/corrosion/application/index/controller/Conference.php ]
[ info ] [ VIEW ] /Users/iimt/Development/PHP/corrosion/public/../application/index/view/conference/index.html [ array (
  0 => 'nav',
  1 => 'friends',
  2 => 'site',
  3 => 'footer',
  4 => 'currTitle',
  5 => 'base',
  6 => 'pic',
  7 => 'Org',
  8 => 'currID',
) ]
[ info ] [ LOG ] INIT File
[ sql ] [ DB ] CONNECT:[ UseTime:0.307621s ] mysql:host=www.iimt.me;dbname=corrosion;charset=utf8
[ sql ] [ SQL ] SHOW COLUMNS FROM `nav` [ RunTime:0.098975s ]
[ sql ] [ SQL ] SELECT * FROM `nav` ORDER BY `priority` DESC [ RunTime:0.100419s ]
[ sql ] [ SQL ] SHOW COLUMNS FROM `friends` [ RunTime:0.099894s ]
[ sql ] [ SQL ] SELECT * FROM `friends` [ RunTime:0.097725s ]
[ sql ] [ SQL ] SHOW COLUMNS FROM `site` [ RunTime:0.099819s ]
[ sql ] [ SQL ] SELECT * FROM `site` WHERE  `id` = 1 LIMIT 1 [ RunTime:0.098416s ]
[ sql ] [ SQL ] SHOW COLUMNS FROM `footer` [ RunTime:0.099066s ]
[ sql ] [ SQL ] SELECT * FROM `footer` LIMIT 1 [ RunTime:0.099393s ]
[ sql ] [ SQL ] SHOW COLUMNS FROM `conference` [ RunTime:0.099247s ]
[ sql ] [ SQL ] SELECT `id` FROM `conference` ORDER BY `id` ASC [ RunTime:0.098867s ]
[ sql ] [ SQL ] SELECT `id`,`newsid`,`waittime`,`theme`,`spot`,`host`,`title`,`hostlogo` FROM `conference` WHERE  `id` = 10 LIMIT 1 [ RunTime:0.100055s ]
[ sql ] [ SQL ] SHOW COLUMNS FROM `article` [ RunTime:0.100255s ]
[ sql ] [ SQL ] SELECT `id`,`title` FROM `article` WHERE  `id` IN (25,23,3) [ RunTime:0.099640s ]
[ sql ] [ SQL ] SELECT `id`,`banner`,`history`,`historypic` FROM `conference` WHERE  `id` = 10 LIMIT 1 [ RunTime:0.099157s ]
[ sql ] [ SQL ] SHOW COLUMNS FROM `orgcate` [ RunTime:0.100040s ]
[ sql ] [ SQL ] SELECT * FROM `orgcate` WHERE  `remark` = 'media' LIMIT 1 [ RunTime:0.098870s ]
[ sql ] [ SQL ] SHOW COLUMNS FROM `organization` [ RunTime:0.099009s ]
[ sql ] [ SQL ] SELECT * FROM `organization` WHERE  `cid` = 10  AND `ballid` = 10 [ RunTime:0.098978s ]
[ sql ] [ SQL ] SELECT * FROM `orgcate` [ RunTime:0.098647s ]
[ sql ] [ SQL ] SELECT * FROM `organization` WHERE  `cid` = 2  AND `ballid` = 10 [ RunTime:0.098981s ]
[ sql ] [ SQL ] SELECT * FROM `organization` WHERE  `cid` = 3  AND `ballid` = 10 [ RunTime:0.100218s ]
---------------------------------------------------------------
[ 2018-12-22T14:19:29+08:00 ] 127.0.0.1 GET www.corrosion.com/uploads/20181218/6bd3398a47005001c75562ed348efaa2.png
[运行时间：0.013990s] [吞吐率：71.48req/s] [内存消耗：1,196.32kb] [文件加载：30]
[ info ] [ LANG ] /Users/iimt/Development/PHP/corrosion/thinkphp/lang/zh-cn.php
[ info ] [ ROUTE ] array (
  'type' => 'module',
  'module' => 
  array (
    0 => 'uploads',
    1 => '20181218',
    2 => '6bd3398a47005001c75562ed348efaa2.png',
  ),
)
[ info ] [ HEADER ] array (
  'host' => 'www.corrosion.com',
  'connection' => 'keep-alive',
  'user-agent' => 'Mozilla/5.0 (Macintosh; Intel Mac OS X 10_14_1) AppleWebKit/537.36 (KHTML, like Gecko) Chrome/71.0.3578.98 Safari/537.36',
  'accept' => 'image/webp,image/apng,image/*,*/*;q=0.8',
  'referer' => 'http://www.corrosion.com/index/conference/index',
  'accept-encoding' => 'gzip, deflate',
  'accept-language' => 'zh-CN,zh;q=0.9,en;q=0.8',
)
[ info ] [ PARAM ] array (
  '/uploads/20181218/6bd3398a47005001c75562ed348efaa2_png' => '',
)
[ info ] [ LOG ] INIT File
---------------------------------------------------------------
[ 2018-12-22T14:19:29+08:00 ] 127.0.0.1 GET www.corrosion.com/uploads/20181218/3c360228ccdeedd7cf542fc97c61bb7a.png
[运行时间：0.017431s] [吞吐率：57.37req/s] [内存消耗：1,196.32kb] [文件加载：30]
[ info ] [ LANG ] /Users/iimt/Development/PHP/corrosion/thinkphp/lang/zh-cn.php
[ info ] [ ROUTE ] array (
  'type' => 'module',
  'module' => 
  array (
    0 => 'uploads',
    1 => '20181218',
    2 => '3c360228ccdeedd7cf542fc97c61bb7a.png',
  ),
)
[ info ] [ HEADER ] array (
  'host' => 'www.corrosion.com',
  'connection' => 'keep-alive',
  'user-agent' => 'Mozilla/5.0 (Macintosh; Intel Mac OS X 10_14_1) AppleWebKit/537.36 (KHTML, like Gecko) Chrome/71.0.3578.98 Safari/537.36',
  'accept' => 'image/webp,image/apng,image/*,*/*;q=0.8',
  'referer' => 'http://www.corrosion.com/index/conference/index',
  'accept-encoding' => 'gzip, deflate',
  'accept-language' => 'zh-CN,zh;q=0.9,en;q=0.8',
)
[ info ] [ PARAM ] array (
  '/uploads/20181218/3c360228ccdeedd7cf542fc97c61bb7a_png' => '',
)
[ info ] [ LOG ] INIT File
---------------------------------------------------------------
[ 2018-12-22T14:19:29+08:00 ] 127.0.0.1 GET www.corrosion.com/uploads/20181218/c1f3589e99806e744c0817cb60096cff.png
[运行时间：0.015732s] [吞吐率：63.56req/s] [内存消耗：1,196.32kb] [文件加载：30]
[ info ] [ LANG ] /Users/iimt/Development/PHP/corrosion/thinkphp/lang/zh-cn.php
[ info ] [ ROUTE ] array (
  'type' => 'module',
  'module' => 
  array (
    0 => 'uploads',
    1 => '20181218',
    2 => 'c1f3589e99806e744c0817cb60096cff.png',
  ),
)
[ info ] [ HEADER ] array (
  'host' => 'www.corrosion.com',
  'connection' => 'keep-alive',
  'user-agent' => 'Mozilla/5.0 (Macintosh; Intel Mac OS X 10_14_1) AppleWebKit/537.36 (KHTML, like Gecko) Chrome/71.0.3578.98 Safari/537.36',
  'accept' => 'image/webp,image/apng,image/*,*/*;q=0.8',
  'referer' => 'http://www.corrosion.com/index/conference/index',
  'accept-encoding' => 'gzip, deflate',
  'accept-language' => 'zh-CN,zh;q=0.9,en;q=0.8',
)
[ info ] [ PARAM ] array (
  '/uploads/20181218/c1f3589e99806e744c0817cb60096cff_png' => '',
)
[ info ] [ LOG ] INIT File
---------------------------------------------------------------
[ 2018-12-22T14:19:29+08:00 ] 127.0.0.1 GET www.corrosion.com/uploads/20181218/6f34558570548b2fd310a9f48ce28094.png
[运行时间：0.016921s] [吞吐率：59.10req/s] [内存消耗：1,196.32kb] [文件加载：30]
[ info ] [ LANG ] /Users/iimt/Development/PHP/corrosion/thinkphp/lang/zh-cn.php
[ info ] [ ROUTE ] array (
  'type' => 'module',
  'module' => 
  array (
    0 => 'uploads',
    1 => '20181218',
    2 => '6f34558570548b2fd310a9f48ce28094.png',
  ),
)
[ info ] [ HEADER ] array (
  'host' => 'www.corrosion.com',
  'connection' => 'keep-alive',
  'user-agent' => 'Mozilla/5.0 (Macintosh; Intel Mac OS X 10_14_1) AppleWebKit/537.36 (KHTML, like Gecko) Chrome/71.0.3578.98 Safari/537.36',
  'accept' => 'image/webp,image/apng,image/*,*/*;q=0.8',
  'referer' => 'http://www.corrosion.com/index/conference/index',
  'accept-encoding' => 'gzip, deflate',
  'accept-language' => 'zh-CN,zh;q=0.9,en;q=0.8',
)
[ info ] [ PARAM ] array (
  '/uploads/20181218/6f34558570548b2fd310a9f48ce28094_png' => '',
)
[ info ] [ LOG ] INIT File
---------------------------------------------------------------
[ 2018-12-22T14:19:29+08:00 ] 127.0.0.1 GET www.corrosion.com/uploads/20181218/0cb33a50d3deb9084c8d3b94da538452.png
[运行时间：0.019630s] [吞吐率：50.94req/s] [内存消耗：1,196.32kb] [文件加载：30]
[ info ] [ LANG ] /Users/iimt/Development/PHP/corrosion/thinkphp/lang/zh-cn.php
[ info ] [ ROUTE ] array (
  'type' => 'module',
  'module' => 
  array (
    0 => 'uploads',
    1 => '20181218',
    2 => '0cb33a50d3deb9084c8d3b94da538452.png',
  ),
)
[ info ] [ HEADER ] array (
  'host' => 'www.corrosion.com',
  'connection' => 'keep-alive',
  'user-agent' => 'Mozilla/5.0 (Macintosh; Intel Mac OS X 10_14_1) AppleWebKit/537.36 (KHTML, like Gecko) Chrome/71.0.3578.98 Safari/537.36',
  'accept' => 'image/webp,image/apng,image/*,*/*;q=0.8',
  'referer' => 'http://www.corrosion.com/index/conference/index',
  'accept-encoding' => 'gzip, deflate',
  'accept-language' => 'zh-CN,zh;q=0.9,en;q=0.8',
)
[ info ] [ PARAM ] array (
  '/uploads/20181218/0cb33a50d3deb9084c8d3b94da538452_png' => '',
)
[ info ] [ LOG ] INIT File
---------------------------------------------------------------
[ 2018-12-22T14:19:29+08:00 ] 127.0.0.1 GET www.corrosion.com/uploads/20181218/a0bd964d07e32e43bf9e7c3621190e54.png
[运行时间：0.021363s] [吞吐率：46.81req/s] [内存消耗：1,196.91kb] [文件加载：30]
[ info ] [ LANG ] /Users/iimt/Development/PHP/corrosion/thinkphp/lang/zh-cn.php
[ info ] [ ROUTE ] array (
  'type' => 'module',
  'module' => 
  array (
    0 => 'uploads',
    1 => '20181218',
    2 => 'a0bd964d07e32e43bf9e7c3621190e54.png',
  ),
)
[ info ] [ HEADER ] array (
  'host' => 'www.corrosion.com',
  'connection' => 'keep-alive',
  'user-agent' => 'Mozilla/5.0 (Macintosh; Intel Mac OS X 10_14_1) AppleWebKit/537.36 (KHTML, like Gecko) Chrome/71.0.3578.98 Safari/537.36',
  'accept' => 'image/webp,image/apng,image/*,*/*;q=0.8',
  'referer' => 'http://www.corrosion.com/index/conference/index',
  'accept-encoding' => 'gzip, deflate',
  'accept-language' => 'zh-CN,zh;q=0.9,en;q=0.8',
)
[ info ] [ PARAM ] array (
  '/uploads/20181218/a0bd964d07e32e43bf9e7c3621190e54_png' => '',
)
[ info ] [ LOG ] INIT File
