---------------------------------------------------------------
[ 2018-11-23T11:23:32+08:00 ] 127.0.0.1 GET www.corrosion.com/
[运行时间：3.082766s] [吞吐率：0.32req/s] [内存消耗：3,012.77kb] [文件加载：57]
[ info ] [ LANG ] /Users/iimt/Development/PHP/corrosion/thinkphp/lang/zh-cn.php
[ info ] [ ROUTE ] array (
  'type' => 'module',
  'module' => 
  array (
    0 => '',
    1 => NULL,
    2 => NULL,
  ),
)
[ info ] [ HEADER ] array (
  'host' => 'www.corrosion.com',
  'connection' => 'keep-alive',
  'upgrade-insecure-requests' => '1',
  'user-agent' => 'Mozilla/5.0 (Macintosh; Intel Mac OS X 10_14_1) AppleWebKit/537.36 (KHTML, like Gecko) Chrome/70.0.3538.102 Safari/537.36',
  'accept' => 'text/html,application/xhtml+xml,application/xml;q=0.9,image/webp,image/apng,*/*;q=0.8',
  'accept-encoding' => 'gzip, deflate',
  'accept-language' => 'zh-CN,zh;q=0.9,en;q=0.8',
)
[ info ] [ PARAM ] array (
)
[ info ] [ DB ] INIT mysql
[ info ] [ RUN ] app\index\controller\Index->index[ /Users/iimt/Development/PHP/corrosion/application/index/controller/Index.php ]
[ info ] [ VIEW ] /Users/iimt/Development/PHP/corrosion/public/../application/index/view/index/index.html [ array (
  0 => 'nav',
  1 => 'friends',
  2 => 'site',
  3 => 'footer',
  4 => 'currTitle',
  5 => 'banner',
  6 => 'focus',
  7 => 'select',
  8 => 'news',
  9 => 'dataPro',
  10 => 'dataActivity',
  11 => 'selected',
) ]
[ info ] [ LOG ] INIT File
[ sql ] [ DB ] CONNECT:[ UseTime:0.435093s ] mysql:host=www.iimt.me;dbname=corrosion;charset=utf8
[ sql ] [ SQL ] SHOW COLUMNS FROM `nav` [ RunTime:0.106319s ]
[ sql ] [ SQL ] SELECT * FROM `nav` ORDER BY `priority` DESC [ RunTime:0.103950s ]
[ sql ] [ SQL ] SHOW COLUMNS FROM `friends` [ RunTime:0.128285s ]
[ sql ] [ SQL ] SELECT * FROM `friends` [ RunTime:0.114885s ]
[ sql ] [ SQL ] SHOW COLUMNS FROM `site` [ RunTime:0.121478s ]
[ sql ] [ SQL ] SELECT * FROM `site` WHERE  `id` = 1 LIMIT 1 [ RunTime:0.157842s ]
[ sql ] [ SQL ] SHOW COLUMNS FROM `footer` [ RunTime:0.137141s ]
[ sql ] [ SQL ] SELECT * FROM `footer` LIMIT 1 [ RunTime:0.140294s ]
[ sql ] [ SQL ] SHOW COLUMNS FROM `carousel` [ RunTime:0.159108s ]
[ sql ] [ SQL ] SELECT * FROM `carousel` [ RunTime:0.149193s ]
[ sql ] [ SQL ] SHOW COLUMNS FROM `focus` [ RunTime:0.131879s ]
[ sql ] [ SQL ] SELECT `f`.*,`a`.`title` FROM `focus` `f` INNER JOIN `article` `a` ON `f`.`aid`=`a`.`id` ORDER BY `id` DESC [ RunTime:0.118760s ]
[ sql ] [ SQL ] SHOW COLUMNS FROM `select` [ RunTime:0.139875s ]
[ sql ] [ SQL ] SELECT `s`.*,`a`.`title` FROM `select` `s` INNER JOIN `article` `a` ON `s`.`aid`=`a`.`id` ORDER BY `id` DESC [ RunTime:0.105865s ]
[ sql ] [ SQL ] SHOW COLUMNS FROM `article` [ RunTime:0.129748s ]
[ sql ] [ SQL ] SELECT * FROM `article` ORDER BY `id` DESC LIMIT 5 [ RunTime:0.236944s ]
[ sql ] [ SQL ] SELECT `id`,`cover`,`title` FROM `article` WHERE  `cid` = 6 ORDER BY `id` DESC LIMIT 5 [ RunTime:0.105947s ]
[ sql ] [ SQL ] SELECT `id`,`cover`,`title`,`content` FROM `article` WHERE  `cid` = 9 ORDER BY `id` DESC LIMIT 2 [ RunTime:0.110807s ]
[ sql ] [ SQL ] SELECT `s`.*,`a`.`title`,`a`.`content`,`a`.`cover` FROM `select` `s` INNER JOIN `article` `a` ON `s`.`aid`=`a`.`id` ORDER BY `id` DESC LIMIT 1 [ RunTime:0.162899s ]
---------------------------------------------------------------
[ 2018-11-23T11:23:32+08:00 ] 127.0.0.1 GET www.corrosion.com/uploads/20181105/4d92c86d046a6de9b28cc310be25529a.jpg
[运行时间：0.022835s] [吞吐率：43.79req/s] [内存消耗：1,196.77kb] [文件加载：30]
[ info ] [ LANG ] /Users/iimt/Development/PHP/corrosion/thinkphp/lang/zh-cn.php
[ info ] [ ROUTE ] array (
  'type' => 'module',
  'module' => 
  array (
    0 => 'uploads',
    1 => '20181105',
    2 => '4d92c86d046a6de9b28cc310be25529a.jpg',
  ),
)
[ info ] [ HEADER ] array (
  'host' => 'www.corrosion.com',
  'connection' => 'keep-alive',
  'user-agent' => 'Mozilla/5.0 (Macintosh; Intel Mac OS X 10_14_1) AppleWebKit/537.36 (KHTML, like Gecko) Chrome/70.0.3538.102 Safari/537.36',
  'accept' => 'image/webp,image/apng,image/*,*/*;q=0.8',
  'referer' => 'http://www.corrosion.com/',
  'accept-encoding' => 'gzip, deflate',
  'accept-language' => 'zh-CN,zh;q=0.9,en;q=0.8',
)
[ info ] [ PARAM ] array (
  '/uploads/20181105/4d92c86d046a6de9b28cc310be25529a_jpg' => '',
)
[ info ] [ LOG ] INIT File
---------------------------------------------------------------
[ 2018-11-23T11:23:32+08:00 ] 127.0.0.1 GET www.corrosion.com/uploads/20181107/688080b672fb5e5b7cee5ab0b027080b.jpg
[运行时间：0.023758s] [吞吐率：42.09req/s] [内存消耗：1,196.77kb] [文件加载：30]
[ info ] [ LANG ] /Users/iimt/Development/PHP/corrosion/thinkphp/lang/zh-cn.php
[ info ] [ ROUTE ] array (
  'type' => 'module',
  'module' => 
  array (
    0 => 'uploads',
    1 => '20181107',
    2 => '688080b672fb5e5b7cee5ab0b027080b.jpg',
  ),
)
[ info ] [ HEADER ] array (
  'host' => 'www.corrosion.com',
  'connection' => 'keep-alive',
  'user-agent' => 'Mozilla/5.0 (Macintosh; Intel Mac OS X 10_14_1) AppleWebKit/537.36 (KHTML, like Gecko) Chrome/70.0.3538.102 Safari/537.36',
  'accept' => 'image/webp,image/apng,image/*,*/*;q=0.8',
  'referer' => 'http://www.corrosion.com/',
  'accept-encoding' => 'gzip, deflate',
  'accept-language' => 'zh-CN,zh;q=0.9,en;q=0.8',
)
[ info ] [ PARAM ] array (
  '/uploads/20181107/688080b672fb5e5b7cee5ab0b027080b_jpg' => '',
)
[ info ] [ LOG ] INIT File
---------------------------------------------------------------
[ 2018-11-23T11:23:32+08:00 ] 127.0.0.1 GET www.corrosion.com/uploads/20181107/ea9f56675a26917ebe5aaf9dbfbadbe7.png
[运行时间：0.018073s] [吞吐率：55.33req/s] [内存消耗：1,196.19kb] [文件加载：30]
[ info ] [ LANG ] /Users/iimt/Development/PHP/corrosion/thinkphp/lang/zh-cn.php
[ info ] [ ROUTE ] array (
  'type' => 'module',
  'module' => 
  array (
    0 => 'uploads',
    1 => '20181107',
    2 => 'ea9f56675a26917ebe5aaf9dbfbadbe7.png',
  ),
)
[ info ] [ HEADER ] array (
  'host' => 'www.corrosion.com',
  'connection' => 'keep-alive',
  'user-agent' => 'Mozilla/5.0 (Macintosh; Intel Mac OS X 10_14_1) AppleWebKit/537.36 (KHTML, like Gecko) Chrome/70.0.3538.102 Safari/537.36',
  'accept' => 'image/webp,image/apng,image/*,*/*;q=0.8',
  'referer' => 'http://www.corrosion.com/',
  'accept-encoding' => 'gzip, deflate',
  'accept-language' => 'zh-CN,zh;q=0.9,en;q=0.8',
)
[ info ] [ PARAM ] array (
  '/uploads/20181107/ea9f56675a26917ebe5aaf9dbfbadbe7_png' => '',
)
[ info ] [ LOG ] INIT File
---------------------------------------------------------------
[ 2018-11-23T11:23:32+08:00 ] 127.0.0.1 GET www.corrosion.com/uploads/20181115/72bd076a734912bf0d28c96913498b18.png
[运行时间：0.024513s] [吞吐率：40.79req/s] [内存消耗：1,196.77kb] [文件加载：30]
[ info ] [ LANG ] /Users/iimt/Development/PHP/corrosion/thinkphp/lang/zh-cn.php
[ info ] [ ROUTE ] array (
  'type' => 'module',
  'module' => 
  array (
    0 => 'uploads',
    1 => '20181115',
    2 => '72bd076a734912bf0d28c96913498b18.png',
  ),
)
[ info ] [ HEADER ] array (
  'host' => 'www.corrosion.com',
  'connection' => 'keep-alive',
  'user-agent' => 'Mozilla/5.0 (Macintosh; Intel Mac OS X 10_14_1) AppleWebKit/537.36 (KHTML, like Gecko) Chrome/70.0.3538.102 Safari/537.36',
  'accept' => 'image/webp,image/apng,image/*,*/*;q=0.8',
  'referer' => 'http://www.corrosion.com/',
  'accept-encoding' => 'gzip, deflate',
  'accept-language' => 'zh-CN,zh;q=0.9,en;q=0.8',
)
[ info ] [ PARAM ] array (
  '/uploads/20181115/72bd076a734912bf0d28c96913498b18_png' => '',
)
[ info ] [ LOG ] INIT File
---------------------------------------------------------------
[ 2018-11-23T11:23:32+08:00 ] 127.0.0.1 GET www.corrosion.com/uploads/20181107/f610e4d89db853abf1acf2040f96d0cb.jpeg
[运行时间：0.022276s] [吞吐率：44.89req/s] [内存消耗：1,196.77kb] [文件加载：30]
[ info ] [ LANG ] /Users/iimt/Development/PHP/corrosion/thinkphp/lang/zh-cn.php
[ info ] [ ROUTE ] array (
  'type' => 'module',
  'module' => 
  array (
    0 => 'uploads',
    1 => '20181107',
    2 => 'f610e4d89db853abf1acf2040f96d0cb.jpeg',
  ),
)
[ info ] [ HEADER ] array (
  'host' => 'www.corrosion.com',
  'connection' => 'keep-alive',
  'user-agent' => 'Mozilla/5.0 (Macintosh; Intel Mac OS X 10_14_1) AppleWebKit/537.36 (KHTML, like Gecko) Chrome/70.0.3538.102 Safari/537.36',
  'accept' => 'image/webp,image/apng,image/*,*/*;q=0.8',
  'referer' => 'http://www.corrosion.com/',
  'accept-encoding' => 'gzip, deflate',
  'accept-language' => 'zh-CN,zh;q=0.9,en;q=0.8',
)
[ info ] [ PARAM ] array (
  '/uploads/20181107/f610e4d89db853abf1acf2040f96d0cb_jpeg' => '',
)
[ info ] [ LOG ] INIT File
---------------------------------------------------------------
[ 2018-11-23T11:23:32+08:00 ] 127.0.0.1 GET www.corrosion.com/images/dian.png
[运行时间：0.014980s] [吞吐率：66.76req/s] [内存消耗：1,196.45kb] [文件加载：30]
[ info ] [ LANG ] /Users/iimt/Development/PHP/corrosion/thinkphp/lang/zh-cn.php
[ info ] [ ROUTE ] array (
  'type' => 'module',
  'module' => 
  array (
    0 => 'images',
    1 => 'dian.png',
    2 => NULL,
  ),
)
[ info ] [ HEADER ] array (
  'host' => 'www.corrosion.com',
  'connection' => 'keep-alive',
  'user-agent' => 'Mozilla/5.0 (Macintosh; Intel Mac OS X 10_14_1) AppleWebKit/537.36 (KHTML, like Gecko) Chrome/70.0.3538.102 Safari/537.36',
  'accept' => 'image/webp,image/apng,image/*,*/*;q=0.8',
  'referer' => 'http://www.corrosion.com/static/index/custom/css/acm.css',
  'accept-encoding' => 'gzip, deflate',
  'accept-language' => 'zh-CN,zh;q=0.9,en;q=0.8',
)
[ info ] [ PARAM ] array (
  '/images/dian_png' => '',
)
[ info ] [ LOG ] INIT File
---------------------------------------------------------------
[ 2018-11-23T11:26:23+08:00 ] 127.0.0.1 GET www.corrosion.com/index/about
[运行时间：1.492838s] [吞吐率：0.67req/s] [内存消耗：2,930.41kb] [文件加载：56]
[ info ] [ LANG ] /Users/iimt/Development/PHP/corrosion/thinkphp/lang/zh-cn.php
[ info ] [ ROUTE ] array (
  'type' => 'module',
  'module' => 
  array (
    0 => 'index',
    1 => 'about',
    2 => NULL,
  ),
)
[ info ] [ HEADER ] array (
  'host' => 'www.corrosion.com',
  'connection' => 'keep-alive',
  'upgrade-insecure-requests' => '1',
  'user-agent' => 'Mozilla/5.0 (Macintosh; Intel Mac OS X 10_14_1) AppleWebKit/537.36 (KHTML, like Gecko) Chrome/70.0.3538.102 Safari/537.36',
  'accept' => 'text/html,application/xhtml+xml,application/xml;q=0.9,image/webp,image/apng,*/*;q=0.8',
  'referer' => 'http://www.corrosion.com/',
  'accept-encoding' => 'gzip, deflate',
  'accept-language' => 'zh-CN,zh;q=0.9,en;q=0.8',
)
[ info ] [ PARAM ] array (
  '/index/about' => '',
)
[ info ] [ DB ] INIT mysql
[ info ] [ RUN ] app\index\controller\About->Index[ /Users/iimt/Development/PHP/corrosion/application/index/controller/About.php ]
[ info ] [ VIEW ] /Users/iimt/Development/PHP/corrosion/public/../application/index/view/about/index.html [ array (
  0 => 'nav',
  1 => 'friends',
  2 => 'site',
  3 => 'footer',
  4 => 'currTitle',
  5 => 'INFO',
) ]
[ info ] [ LOG ] INIT File
[ sql ] [ DB ] CONNECT:[ UseTime:0.180999s ] mysql:host=www.iimt.me;dbname=corrosion;charset=utf8
[ sql ] [ SQL ] SHOW COLUMNS FROM `nav` [ RunTime:0.113437s ]
[ sql ] [ SQL ] SELECT * FROM `nav` ORDER BY `priority` DESC [ RunTime:0.109344s ]
[ sql ] [ SQL ] SHOW COLUMNS FROM `friends` [ RunTime:0.117968s ]
[ sql ] [ SQL ] SELECT * FROM `friends` [ RunTime:0.134924s ]
[ sql ] [ SQL ] SHOW COLUMNS FROM `site` [ RunTime:0.117906s ]
[ sql ] [ SQL ] SELECT * FROM `site` WHERE  `id` = 1 LIMIT 1 [ RunTime:0.109743s ]
[ sql ] [ SQL ] SHOW COLUMNS FROM `footer` [ RunTime:0.169103s ]
[ sql ] [ SQL ] SELECT * FROM `footer` LIMIT 1 [ RunTime:0.145441s ]
[ sql ] [ SQL ] SHOW COLUMNS FROM `about` [ RunTime:0.120002s ]
[ sql ] [ SQL ] SELECT * FROM `about` WHERE  `id` = 1 LIMIT 1 [ RunTime:0.113571s ]
---------------------------------------------------------------
[ 2018-11-23T11:26:38+08:00 ] 127.0.0.1 GET www.corrosion.com/static/index/custom/css/bootstrap.min.css.map
[运行时间：0.029081s] [吞吐率：34.39req/s] [内存消耗：1,195.98kb] [文件加载：30]
[ info ] [ LANG ] /Users/iimt/Development/PHP/corrosion/thinkphp/lang/zh-cn.php
[ info ] [ ROUTE ] array (
  'type' => 'module',
  'module' => 
  array (
    0 => 'static',
    1 => 'index',
    2 => 'custom',
  ),
)
[ info ] [ HEADER ] array (
  'host' => 'www.corrosion.com',
  'connection' => 'keep-alive',
  'cache-control' => 'no-cache',
  'user-agent' => 'Mozilla/5.0 (Macintosh; Intel Mac OS X 10_14_1) AppleWebKit/537.36 (KHTML, like Gecko) Chrome/70.0.3538.102 Safari/537.36',
  'accept-encoding' => 'gzip, deflate',
  'accept-language' => 'zh-CN,zh;q=0.9,en;q=0.8',
)
[ info ] [ PARAM ] array (
  '/static/index/custom/css/bootstrap_min_css_map' => '',
  'css' => 'bootstrap.min.css.map',
)
[ info ] [ LOG ] INIT File
---------------------------------------------------------------
[ 2018-11-23T11:27:07+08:00 ] 127.0.0.1 GET www.corrosion.com/index/about
[运行时间：1.209087s] [吞吐率：0.83req/s] [内存消耗：2,930.39kb] [文件加载：56]
[ info ] [ LANG ] /Users/iimt/Development/PHP/corrosion/thinkphp/lang/zh-cn.php
[ info ] [ ROUTE ] array (
  'type' => 'module',
  'module' => 
  array (
    0 => 'index',
    1 => 'about',
    2 => NULL,
  ),
)
[ info ] [ HEADER ] array (
  'host' => 'www.corrosion.com',
  'connection' => 'keep-alive',
  'cache-control' => 'max-age=0',
  'upgrade-insecure-requests' => '1',
  'user-agent' => 'Mozilla/5.0 (Macintosh; Intel Mac OS X 10_14_1) AppleWebKit/537.36 (KHTML, like Gecko) Chrome/70.0.3538.102 Safari/537.36',
  'accept' => 'text/html,application/xhtml+xml,application/xml;q=0.9,image/webp,image/apng,*/*;q=0.8',
  'referer' => 'http://www.corrosion.com/',
  'accept-encoding' => 'gzip, deflate',
  'accept-language' => 'zh-CN,zh;q=0.9,en;q=0.8',
)
[ info ] [ PARAM ] array (
  '/index/about' => '',
)
[ info ] [ DB ] INIT mysql
[ info ] [ RUN ] app\index\controller\About->Index[ /Users/iimt/Development/PHP/corrosion/application/index/controller/About.php ]
[ info ] [ VIEW ] /Users/iimt/Development/PHP/corrosion/public/../application/index/view/about/index.html [ array (
  0 => 'nav',
  1 => 'friends',
  2 => 'site',
  3 => 'footer',
  4 => 'currTitle',
  5 => 'INFO',
) ]
[ info ] [ LOG ] INIT File
[ sql ] [ DB ] CONNECT:[ UseTime:0.186043s ] mysql:host=www.iimt.me;dbname=corrosion;charset=utf8
[ sql ] [ SQL ] SHOW COLUMNS FROM `nav` [ RunTime:0.087381s ]
[ sql ] [ SQL ] SELECT * FROM `nav` ORDER BY `priority` DESC [ RunTime:0.099252s ]
[ sql ] [ SQL ] SHOW COLUMNS FROM `friends` [ RunTime:0.092948s ]
[ sql ] [ SQL ] SELECT * FROM `friends` [ RunTime:0.099891s ]
[ sql ] [ SQL ] SHOW COLUMNS FROM `site` [ RunTime:0.103100s ]
[ sql ] [ SQL ] SELECT * FROM `site` WHERE  `id` = 1 LIMIT 1 [ RunTime:0.094581s ]
[ sql ] [ SQL ] SHOW COLUMNS FROM `footer` [ RunTime:0.092973s ]
[ sql ] [ SQL ] SELECT * FROM `footer` LIMIT 1 [ RunTime:0.106190s ]
[ sql ] [ SQL ] SHOW COLUMNS FROM `about` [ RunTime:0.093316s ]
[ sql ] [ SQL ] SELECT * FROM `about` WHERE  `id` = 1 LIMIT 1 [ RunTime:0.099189s ]
---------------------------------------------------------------
[ 2018-11-23T11:27:12+08:00 ] 127.0.0.1 GET www.corrosion.com/static/index/custom/css/bootstrap.min.css.map
[运行时间：0.016827s] [吞吐率：59.43req/s] [内存消耗：1,195.98kb] [文件加载：30]
[ info ] [ LANG ] /Users/iimt/Development/PHP/corrosion/thinkphp/lang/zh-cn.php
[ info ] [ ROUTE ] array (
  'type' => 'module',
  'module' => 
  array (
    0 => 'static',
    1 => 'index',
    2 => 'custom',
  ),
)
[ info ] [ HEADER ] array (
  'host' => 'www.corrosion.com',
  'connection' => 'keep-alive',
  'cache-control' => 'no-cache',
  'user-agent' => 'Mozilla/5.0 (Macintosh; Intel Mac OS X 10_14_1) AppleWebKit/537.36 (KHTML, like Gecko) Chrome/70.0.3538.102 Safari/537.36',
  'accept-encoding' => 'gzip, deflate',
  'accept-language' => 'zh-CN,zh;q=0.9,en;q=0.8',
)
[ info ] [ PARAM ] array (
  '/static/index/custom/css/bootstrap_min_css_map' => '',
  'css' => 'bootstrap.min.css.map',
)
[ info ] [ LOG ] INIT File
---------------------------------------------------------------
[ 2018-11-23T11:27:24+08:00 ] 127.0.0.1 GET www.corrosion.com/index/about
[运行时间：1.507765s] [吞吐率：0.66req/s] [内存消耗：2,931.20kb] [文件加载：56]
[ info ] [ LANG ] /Users/iimt/Development/PHP/corrosion/thinkphp/lang/zh-cn.php
[ info ] [ ROUTE ] array (
  'type' => 'module',
  'module' => 
  array (
    0 => 'index',
    1 => 'about',
    2 => NULL,
  ),
)
[ info ] [ HEADER ] array (
  'host' => 'www.corrosion.com',
  'connection' => 'keep-alive',
  'pragma' => 'no-cache',
  'cache-control' => 'no-cache',
  'upgrade-insecure-requests' => '1',
  'user-agent' => 'Mozilla/5.0 (Macintosh; Intel Mac OS X 10_14_1) AppleWebKit/537.36 (KHTML, like Gecko) Chrome/70.0.3538.102 Safari/537.36',
  'accept' => 'text/html,application/xhtml+xml,application/xml;q=0.9,image/webp,image/apng,*/*;q=0.8',
  'referer' => 'http://www.corrosion.com/',
  'accept-encoding' => 'gzip, deflate',
  'accept-language' => 'zh-CN,zh;q=0.9,en;q=0.8',
)
[ info ] [ PARAM ] array (
  '/index/about' => '',
)
[ info ] [ DB ] INIT mysql
[ info ] [ RUN ] app\index\controller\About->Index[ /Users/iimt/Development/PHP/corrosion/application/index/controller/About.php ]
[ info ] [ VIEW ] /Users/iimt/Development/PHP/corrosion/public/../application/index/view/about/index.html [ array (
  0 => 'nav',
  1 => 'friends',
  2 => 'site',
  3 => 'footer',
  4 => 'currTitle',
  5 => 'INFO',
) ]
[ info ] [ LOG ] INIT File
[ sql ] [ DB ] CONNECT:[ UseTime:0.169885s ] mysql:host=www.iimt.me;dbname=corrosion;charset=utf8
[ sql ] [ SQL ] SHOW COLUMNS FROM `nav` [ RunTime:0.129025s ]
[ sql ] [ SQL ] SELECT * FROM `nav` ORDER BY `priority` DESC [ RunTime:0.129651s ]
[ sql ] [ SQL ] SHOW COLUMNS FROM `friends` [ RunTime:0.119043s ]
[ sql ] [ SQL ] SELECT * FROM `friends` [ RunTime:0.119825s ]
[ sql ] [ SQL ] SHOW COLUMNS FROM `site` [ RunTime:0.134579s ]
[ sql ] [ SQL ] SELECT * FROM `site` WHERE  `id` = 1 LIMIT 1 [ RunTime:0.134639s ]
[ sql ] [ SQL ] SHOW COLUMNS FROM `footer` [ RunTime:0.128830s ]
[ sql ] [ SQL ] SELECT * FROM `footer` LIMIT 1 [ RunTime:0.120254s ]
[ sql ] [ SQL ] SHOW COLUMNS FROM `about` [ RunTime:0.161226s ]
[ sql ] [ SQL ] SELECT * FROM `about` WHERE  `id` = 1 LIMIT 1 [ RunTime:0.123970s ]
---------------------------------------------------------------
[ 2018-11-23T11:27:24+08:00 ] 127.0.0.1 GET www.corrosion.com/static/index/custom/css/bootstrap.min.css.map
[运行时间：0.016510s] [吞吐率：60.57req/s] [内存消耗：1,195.98kb] [文件加载：30]
[ info ] [ LANG ] /Users/iimt/Development/PHP/corrosion/thinkphp/lang/zh-cn.php
[ info ] [ ROUTE ] array (
  'type' => 'module',
  'module' => 
  array (
    0 => 'static',
    1 => 'index',
    2 => 'custom',
  ),
)
[ info ] [ HEADER ] array (
  'host' => 'www.corrosion.com',
  'connection' => 'keep-alive',
  'cache-control' => 'no-cache',
  'user-agent' => 'Mozilla/5.0 (Macintosh; Intel Mac OS X 10_14_1) AppleWebKit/537.36 (KHTML, like Gecko) Chrome/70.0.3538.102 Safari/537.36',
  'accept-encoding' => 'gzip, deflate',
  'accept-language' => 'zh-CN,zh;q=0.9,en;q=0.8',
)
[ info ] [ PARAM ] array (
  '/static/index/custom/css/bootstrap_min_css_map' => '',
  'css' => 'bootstrap.min.css.map',
)
[ info ] [ LOG ] INIT File
---------------------------------------------------------------
[ 2018-11-23T11:28:28+08:00 ] 127.0.0.1 GET www.corrosion.com/index/about
[运行时间：1.474649s] [吞吐率：0.68req/s] [内存消耗：2,931.45kb] [文件加载：56]
[ info ] [ LANG ] /Users/iimt/Development/PHP/corrosion/thinkphp/lang/zh-cn.php
[ info ] [ ROUTE ] array (
  'type' => 'module',
  'module' => 
  array (
    0 => 'index',
    1 => 'about',
    2 => NULL,
  ),
)
[ info ] [ HEADER ] array (
  'host' => 'www.corrosion.com',
  'connection' => 'keep-alive',
  'pragma' => 'no-cache',
  'cache-control' => 'no-cache',
  'upgrade-insecure-requests' => '1',
  'user-agent' => 'Mozilla/5.0 (Macintosh; Intel Mac OS X 10_14_1) AppleWebKit/537.36 (KHTML, like Gecko) Chrome/70.0.3538.102 Safari/537.36',
  'accept' => 'text/html,application/xhtml+xml,application/xml;q=0.9,image/webp,image/apng,*/*;q=0.8',
  'referer' => 'http://www.corrosion.com/',
  'accept-encoding' => 'gzip, deflate',
  'accept-language' => 'zh-CN,zh;q=0.9,en;q=0.8',
)
[ info ] [ PARAM ] array (
  '/index/about' => '',
)
[ info ] [ DB ] INIT mysql
[ info ] [ RUN ] app\index\controller\About->Index[ /Users/iimt/Development/PHP/corrosion/application/index/controller/About.php ]
[ info ] [ VIEW ] /Users/iimt/Development/PHP/corrosion/public/../application/index/view/about/index.html [ array (
  0 => 'nav',
  1 => 'friends',
  2 => 'site',
  3 => 'footer',
  4 => 'currTitle',
  5 => 'INFO',
) ]
[ info ] [ LOG ] INIT File
[ sql ] [ DB ] CONNECT:[ UseTime:0.181172s ] mysql:host=www.iimt.me;dbname=corrosion;charset=utf8
[ sql ] [ SQL ] SHOW COLUMNS FROM `nav` [ RunTime:0.117271s ]
[ sql ] [ SQL ] SELECT * FROM `nav` ORDER BY `priority` DESC [ RunTime:0.125433s ]
[ sql ] [ SQL ] SHOW COLUMNS FROM `friends` [ RunTime:0.112134s ]
[ sql ] [ SQL ] SELECT * FROM `friends` [ RunTime:0.125919s ]
[ sql ] [ SQL ] SHOW COLUMNS FROM `site` [ RunTime:0.132796s ]
[ sql ] [ SQL ] SELECT * FROM `site` WHERE  `id` = 1 LIMIT 1 [ RunTime:0.123678s ]
[ sql ] [ SQL ] SHOW COLUMNS FROM `footer` [ RunTime:0.107370s ]
[ sql ] [ SQL ] SELECT * FROM `footer` LIMIT 1 [ RunTime:0.135111s ]
[ sql ] [ SQL ] SHOW COLUMNS FROM `about` [ RunTime:0.137673s ]
[ sql ] [ SQL ] SELECT * FROM `about` WHERE  `id` = 1 LIMIT 1 [ RunTime:0.125845s ]
---------------------------------------------------------------
[ 2018-11-23T11:28:28+08:00 ] 127.0.0.1 GET www.corrosion.com/static/index/custom/css/bootstrap.min.css.map
[运行时间：0.021970s] [吞吐率：45.52req/s] [内存消耗：1,195.98kb] [文件加载：30]
[ info ] [ LANG ] /Users/iimt/Development/PHP/corrosion/thinkphp/lang/zh-cn.php
[ info ] [ ROUTE ] array (
  'type' => 'module',
  'module' => 
  array (
    0 => 'static',
    1 => 'index',
    2 => 'custom',
  ),
)
[ info ] [ HEADER ] array (
  'host' => 'www.corrosion.com',
  'connection' => 'keep-alive',
  'cache-control' => 'no-cache',
  'user-agent' => 'Mozilla/5.0 (Macintosh; Intel Mac OS X 10_14_1) AppleWebKit/537.36 (KHTML, like Gecko) Chrome/70.0.3538.102 Safari/537.36',
  'accept-encoding' => 'gzip, deflate',
  'accept-language' => 'zh-CN,zh;q=0.9,en;q=0.8',
)
[ info ] [ PARAM ] array (
  '/static/index/custom/css/bootstrap_min_css_map' => '',
  'css' => 'bootstrap.min.css.map',
)
[ info ] [ LOG ] INIT File
---------------------------------------------------------------
[ 2018-11-23T11:28:55+08:00 ] 127.0.0.1 GET www.corrosion.com/index/about
[运行时间：1.440934s] [吞吐率：0.69req/s] [内存消耗：2,930.87kb] [文件加载：56]
[ info ] [ LANG ] /Users/iimt/Development/PHP/corrosion/thinkphp/lang/zh-cn.php
[ info ] [ ROUTE ] array (
  'type' => 'module',
  'module' => 
  array (
    0 => 'index',
    1 => 'about',
    2 => NULL,
  ),
)
[ info ] [ HEADER ] array (
  'host' => 'www.corrosion.com',
  'connection' => 'keep-alive',
  'pragma' => 'no-cache',
  'cache-control' => 'no-cache',
  'upgrade-insecure-requests' => '1',
  'user-agent' => 'Mozilla/5.0 (Macintosh; Intel Mac OS X 10_14_1) AppleWebKit/537.36 (KHTML, like Gecko) Chrome/70.0.3538.102 Safari/537.36',
  'accept' => 'text/html,application/xhtml+xml,application/xml;q=0.9,image/webp,image/apng,*/*;q=0.8',
  'referer' => 'http://www.corrosion.com/',
  'accept-encoding' => 'gzip, deflate',
  'accept-language' => 'zh-CN,zh;q=0.9,en;q=0.8',
)
[ info ] [ PARAM ] array (
  '/index/about' => '',
)
[ info ] [ DB ] INIT mysql
[ info ] [ RUN ] app\index\controller\About->Index[ /Users/iimt/Development/PHP/corrosion/application/index/controller/About.php ]
[ info ] [ VIEW ] /Users/iimt/Development/PHP/corrosion/public/../application/index/view/about/index.html [ array (
  0 => 'nav',
  1 => 'friends',
  2 => 'site',
  3 => 'footer',
  4 => 'currTitle',
  5 => 'INFO',
) ]
[ info ] [ LOG ] INIT File
[ sql ] [ DB ] CONNECT:[ UseTime:0.234748s ] mysql:host=www.iimt.me;dbname=corrosion;charset=utf8
[ sql ] [ SQL ] SHOW COLUMNS FROM `nav` [ RunTime:0.125982s ]
[ sql ] [ SQL ] SELECT * FROM `nav` ORDER BY `priority` DESC [ RunTime:0.134522s ]
[ sql ] [ SQL ] SHOW COLUMNS FROM `friends` [ RunTime:0.123764s ]
[ sql ] [ SQL ] SELECT * FROM `friends` [ RunTime:0.101803s ]
[ sql ] [ SQL ] SHOW COLUMNS FROM `site` [ RunTime:0.112748s ]
[ sql ] [ SQL ] SELECT * FROM `site` WHERE  `id` = 1 LIMIT 1 [ RunTime:0.118606s ]
[ sql ] [ SQL ] SHOW COLUMNS FROM `footer` [ RunTime:0.125488s ]
[ sql ] [ SQL ] SELECT * FROM `footer` LIMIT 1 [ RunTime:0.098983s ]
[ sql ] [ SQL ] SHOW COLUMNS FROM `about` [ RunTime:0.120062s ]
[ sql ] [ SQL ] SELECT * FROM `about` WHERE  `id` = 1 LIMIT 1 [ RunTime:0.110059s ]
---------------------------------------------------------------
[ 2018-11-23T11:28:55+08:00 ] 127.0.0.1 GET www.corrosion.com/static/index/custom/css/bootstrap.min.css.map
[运行时间：0.015022s] [吞吐率：66.57req/s] [内存消耗：1,195.98kb] [文件加载：30]
[ info ] [ LANG ] /Users/iimt/Development/PHP/corrosion/thinkphp/lang/zh-cn.php
[ info ] [ ROUTE ] array (
  'type' => 'module',
  'module' => 
  array (
    0 => 'static',
    1 => 'index',
    2 => 'custom',
  ),
)
[ info ] [ HEADER ] array (
  'host' => 'www.corrosion.com',
  'connection' => 'keep-alive',
  'cache-control' => 'no-cache',
  'user-agent' => 'Mozilla/5.0 (Macintosh; Intel Mac OS X 10_14_1) AppleWebKit/537.36 (KHTML, like Gecko) Chrome/70.0.3538.102 Safari/537.36',
  'accept-encoding' => 'gzip, deflate',
  'accept-language' => 'zh-CN,zh;q=0.9,en;q=0.8',
)
[ info ] [ PARAM ] array (
  '/static/index/custom/css/bootstrap_min_css_map' => '',
  'css' => 'bootstrap.min.css.map',
)
[ info ] [ LOG ] INIT File
---------------------------------------------------------------
[ 2018-11-23T11:29:16+08:00 ] 127.0.0.1 GET www.corrosion.com/index/about
[运行时间：1.423981s] [吞吐率：0.70req/s] [内存消耗：2,935.48kb] [文件加载：56]
[ info ] [ LANG ] /Users/iimt/Development/PHP/corrosion/thinkphp/lang/zh-cn.php
[ info ] [ ROUTE ] array (
  'type' => 'module',
  'module' => 
  array (
    0 => 'index',
    1 => 'about',
    2 => NULL,
  ),
)
[ info ] [ HEADER ] array (
  'host' => 'www.corrosion.com',
  'connection' => 'keep-alive',
  'pragma' => 'no-cache',
  'cache-control' => 'no-cache',
  'upgrade-insecure-requests' => '1',
  'user-agent' => 'Mozilla/5.0 (Macintosh; Intel Mac OS X 10_14_1) AppleWebKit/537.36 (KHTML, like Gecko) Chrome/70.0.3538.102 Safari/537.36',
  'accept' => 'text/html,application/xhtml+xml,application/xml;q=0.9,image/webp,image/apng,*/*;q=0.8',
  'referer' => 'http://www.corrosion.com/',
  'accept-encoding' => 'gzip, deflate',
  'accept-language' => 'zh-CN,zh;q=0.9,en;q=0.8',
)
[ info ] [ PARAM ] array (
  '/index/about' => '',
)
[ info ] [ DB ] INIT mysql
[ info ] [ RUN ] app\index\controller\About->Index[ /Users/iimt/Development/PHP/corrosion/application/index/controller/About.php ]
[ info ] [ VIEW ] /Users/iimt/Development/PHP/corrosion/public/../application/index/view/about/index.html [ array (
  0 => 'nav',
  1 => 'friends',
  2 => 'site',
  3 => 'footer',
  4 => 'currTitle',
  5 => 'INFO',
) ]
[ info ] [ LOG ] INIT File
[ sql ] [ DB ] CONNECT:[ UseTime:0.240101s ] mysql:host=www.iimt.me;dbname=corrosion;charset=utf8
[ sql ] [ SQL ] SHOW COLUMNS FROM `nav` [ RunTime:0.114171s ]
[ sql ] [ SQL ] SELECT * FROM `nav` ORDER BY `priority` DESC [ RunTime:0.109407s ]
[ sql ] [ SQL ] SHOW COLUMNS FROM `friends` [ RunTime:0.125431s ]
[ sql ] [ SQL ] SELECT * FROM `friends` [ RunTime:0.108619s ]
[ sql ] [ SQL ] SHOW COLUMNS FROM `site` [ RunTime:0.119617s ]
[ sql ] [ SQL ] SELECT * FROM `site` WHERE  `id` = 1 LIMIT 1 [ RunTime:0.112570s ]
[ sql ] [ SQL ] SHOW COLUMNS FROM `footer` [ RunTime:0.116676s ]
[ sql ] [ SQL ] SELECT * FROM `footer` LIMIT 1 [ RunTime:0.119984s ]
[ sql ] [ SQL ] SHOW COLUMNS FROM `about` [ RunTime:0.114086s ]
[ sql ] [ SQL ] SELECT * FROM `about` WHERE  `id` = 1 LIMIT 1 [ RunTime:0.110992s ]
---------------------------------------------------------------
[ 2018-11-23T11:29:16+08:00 ] 127.0.0.1 GET www.corrosion.com/static/index/custom/css/bootstrap.min.css.map
[运行时间：0.016856s] [吞吐率：59.33req/s] [内存消耗：1,195.98kb] [文件加载：30]
[ info ] [ LANG ] /Users/iimt/Development/PHP/corrosion/thinkphp/lang/zh-cn.php
[ info ] [ ROUTE ] array (
  'type' => 'module',
  'module' => 
  array (
    0 => 'static',
    1 => 'index',
    2 => 'custom',
  ),
)
[ info ] [ HEADER ] array (
  'host' => 'www.corrosion.com',
  'connection' => 'keep-alive',
  'cache-control' => 'no-cache',
  'user-agent' => 'Mozilla/5.0 (Macintosh; Intel Mac OS X 10_14_1) AppleWebKit/537.36 (KHTML, like Gecko) Chrome/70.0.3538.102 Safari/537.36',
  'accept-encoding' => 'gzip, deflate',
  'accept-language' => 'zh-CN,zh;q=0.9,en;q=0.8',
)
[ info ] [ PARAM ] array (
  '/static/index/custom/css/bootstrap_min_css_map' => '',
  'css' => 'bootstrap.min.css.map',
)
[ info ] [ LOG ] INIT File
---------------------------------------------------------------
[ 2018-11-23T11:29:56+08:00 ] 127.0.0.1 GET www.corrosion.com/index/about
[运行时间：1.477773s] [吞吐率：0.68req/s] [内存消耗：2,935.24kb] [文件加载：56]
[ info ] [ LANG ] /Users/iimt/Development/PHP/corrosion/thinkphp/lang/zh-cn.php
[ info ] [ ROUTE ] array (
  'type' => 'module',
  'module' => 
  array (
    0 => 'index',
    1 => 'about',
    2 => NULL,
  ),
)
[ info ] [ HEADER ] array (
  'host' => 'www.corrosion.com',
  'connection' => 'keep-alive',
  'pragma' => 'no-cache',
  'cache-control' => 'no-cache',
  'upgrade-insecure-requests' => '1',
  'user-agent' => 'Mozilla/5.0 (Macintosh; Intel Mac OS X 10_14_1) AppleWebKit/537.36 (KHTML, like Gecko) Chrome/70.0.3538.102 Safari/537.36',
  'accept' => 'text/html,application/xhtml+xml,application/xml;q=0.9,image/webp,image/apng,*/*;q=0.8',
  'referer' => 'http://www.corrosion.com/',
  'accept-encoding' => 'gzip, deflate',
  'accept-language' => 'zh-CN,zh;q=0.9,en;q=0.8',
)
[ info ] [ PARAM ] array (
  '/index/about' => '',
)
[ info ] [ DB ] INIT mysql
[ info ] [ RUN ] app\index\controller\About->Index[ /Users/iimt/Development/PHP/corrosion/application/index/controller/About.php ]
[ info ] [ VIEW ] /Users/iimt/Development/PHP/corrosion/public/../application/index/view/about/index.html [ array (
  0 => 'nav',
  1 => 'friends',
  2 => 'site',
  3 => 'footer',
  4 => 'currTitle',
  5 => 'INFO',
) ]
[ info ] [ LOG ] INIT File
[ sql ] [ DB ] CONNECT:[ UseTime:0.200278s ] mysql:host=www.iimt.me;dbname=corrosion;charset=utf8
[ sql ] [ SQL ] SHOW COLUMNS FROM `nav` [ RunTime:0.103797s ]
[ sql ] [ SQL ] SELECT * FROM `nav` ORDER BY `priority` DESC [ RunTime:0.114034s ]
[ sql ] [ SQL ] SHOW COLUMNS FROM `friends` [ RunTime:0.108208s ]
[ sql ] [ SQL ] SELECT * FROM `friends` [ RunTime:0.109764s ]
[ sql ] [ SQL ] SHOW COLUMNS FROM `site` [ RunTime:0.143950s ]
[ sql ] [ SQL ] SELECT * FROM `site` WHERE  `id` = 1 LIMIT 1 [ RunTime:0.128053s ]
[ sql ] [ SQL ] SHOW COLUMNS FROM `footer` [ RunTime:0.125019s ]
[ sql ] [ SQL ] SELECT * FROM `footer` LIMIT 1 [ RunTime:0.118140s ]
[ sql ] [ SQL ] SHOW COLUMNS FROM `about` [ RunTime:0.143817s ]
[ sql ] [ SQL ] SELECT * FROM `about` WHERE  `id` = 1 LIMIT 1 [ RunTime:0.124934s ]
---------------------------------------------------------------
[ 2018-11-23T11:29:56+08:00 ] 127.0.0.1 GET www.corrosion.com/static/index/custom/css/bootstrap.min.css.map
[运行时间：0.016082s] [吞吐率：62.18req/s] [内存消耗：1,195.98kb] [文件加载：30]
[ info ] [ LANG ] /Users/iimt/Development/PHP/corrosion/thinkphp/lang/zh-cn.php
[ info ] [ ROUTE ] array (
  'type' => 'module',
  'module' => 
  array (
    0 => 'static',
    1 => 'index',
    2 => 'custom',
  ),
)
[ info ] [ HEADER ] array (
  'host' => 'www.corrosion.com',
  'connection' => 'keep-alive',
  'cache-control' => 'no-cache',
  'user-agent' => 'Mozilla/5.0 (Macintosh; Intel Mac OS X 10_14_1) AppleWebKit/537.36 (KHTML, like Gecko) Chrome/70.0.3538.102 Safari/537.36',
  'accept-encoding' => 'gzip, deflate',
  'accept-language' => 'zh-CN,zh;q=0.9,en;q=0.8',
)
[ info ] [ PARAM ] array (
  '/static/index/custom/css/bootstrap_min_css_map' => '',
  'css' => 'bootstrap.min.css.map',
)
[ info ] [ LOG ] INIT File
---------------------------------------------------------------
[ 2018-11-23T11:30:19+08:00 ] 127.0.0.1 GET www.corrosion.com/index/about
[运行时间：1.378518s] [吞吐率：0.73req/s] [内存消耗：2,935.18kb] [文件加载：56]
[ info ] [ LANG ] /Users/iimt/Development/PHP/corrosion/thinkphp/lang/zh-cn.php
[ info ] [ ROUTE ] array (
  'type' => 'module',
  'module' => 
  array (
    0 => 'index',
    1 => 'about',
    2 => NULL,
  ),
)
[ info ] [ HEADER ] array (
  'host' => 'www.corrosion.com',
  'connection' => 'keep-alive',
  'pragma' => 'no-cache',
  'cache-control' => 'no-cache',
  'upgrade-insecure-requests' => '1',
  'user-agent' => 'Mozilla/5.0 (Macintosh; Intel Mac OS X 10_14_1) AppleWebKit/537.36 (KHTML, like Gecko) Chrome/70.0.3538.102 Safari/537.36',
  'accept' => 'text/html,application/xhtml+xml,application/xml;q=0.9,image/webp,image/apng,*/*;q=0.8',
  'referer' => 'http://www.corrosion.com/',
  'accept-encoding' => 'gzip, deflate',
  'accept-language' => 'zh-CN,zh;q=0.9,en;q=0.8',
)
[ info ] [ PARAM ] array (
  '/index/about' => '',
)
[ info ] [ DB ] INIT mysql
[ info ] [ RUN ] app\index\controller\About->Index[ /Users/iimt/Development/PHP/corrosion/application/index/controller/About.php ]
[ info ] [ VIEW ] /Users/iimt/Development/PHP/corrosion/public/../application/index/view/about/index.html [ array (
  0 => 'nav',
  1 => 'friends',
  2 => 'site',
  3 => 'footer',
  4 => 'currTitle',
  5 => 'INFO',
) ]
[ info ] [ LOG ] INIT File
[ sql ] [ DB ] CONNECT:[ UseTime:0.228048s ] mysql:host=www.iimt.me;dbname=corrosion;charset=utf8
[ sql ] [ SQL ] SHOW COLUMNS FROM `nav` [ RunTime:0.098337s ]
[ sql ] [ SQL ] SELECT * FROM `nav` ORDER BY `priority` DESC [ RunTime:0.105845s ]
[ sql ] [ SQL ] SHOW COLUMNS FROM `friends` [ RunTime:0.114178s ]
[ sql ] [ SQL ] SELECT * FROM `friends` [ RunTime:0.151041s ]
[ sql ] [ SQL ] SHOW COLUMNS FROM `site` [ RunTime:0.113264s ]
[ sql ] [ SQL ] SELECT * FROM `site` WHERE  `id` = 1 LIMIT 1 [ RunTime:0.109555s ]
[ sql ] [ SQL ] SHOW COLUMNS FROM `footer` [ RunTime:0.104714s ]
[ sql ] [ SQL ] SELECT * FROM `footer` LIMIT 1 [ RunTime:0.095203s ]
[ sql ] [ SQL ] SHOW COLUMNS FROM `about` [ RunTime:0.114181s ]
[ sql ] [ SQL ] SELECT * FROM `about` WHERE  `id` = 1 LIMIT 1 [ RunTime:0.116880s ]
---------------------------------------------------------------
[ 2018-11-23T11:30:19+08:00 ] 127.0.0.1 GET www.corrosion.com/static/index/custom/css/bootstrap.min.css.map
[运行时间：0.018747s] [吞吐率：53.34req/s] [内存消耗：1,196.57kb] [文件加载：30]
[ info ] [ LANG ] /Users/iimt/Development/PHP/corrosion/thinkphp/lang/zh-cn.php
[ info ] [ ROUTE ] array (
  'type' => 'module',
  'module' => 
  array (
    0 => 'static',
    1 => 'index',
    2 => 'custom',
  ),
)
[ info ] [ HEADER ] array (
  'host' => 'www.corrosion.com',
  'connection' => 'keep-alive',
  'cache-control' => 'no-cache',
  'user-agent' => 'Mozilla/5.0 (Macintosh; Intel Mac OS X 10_14_1) AppleWebKit/537.36 (KHTML, like Gecko) Chrome/70.0.3538.102 Safari/537.36',
  'accept-encoding' => 'gzip, deflate',
  'accept-language' => 'zh-CN,zh;q=0.9,en;q=0.8',
)
[ info ] [ PARAM ] array (
  '/static/index/custom/css/bootstrap_min_css_map' => '',
  'css' => 'bootstrap.min.css.map',
)
[ info ] [ LOG ] INIT File
---------------------------------------------------------------
[ 2018-11-23T11:30:46+08:00 ] 127.0.0.1 GET www.corrosion.com/index/example
[运行时间：2.209856s] [吞吐率：0.45req/s] [内存消耗：3,229.13kb] [文件加载：57]
[ info ] [ LANG ] /Users/iimt/Development/PHP/corrosion/thinkphp/lang/zh-cn.php
[ info ] [ ROUTE ] array (
  'type' => 'module',
  'module' => 
  array (
    0 => 'index',
    1 => 'example',
    2 => NULL,
  ),
)
[ info ] [ HEADER ] array (
  'host' => 'www.corrosion.com',
  'connection' => 'keep-alive',
  'upgrade-insecure-requests' => '1',
  'user-agent' => 'Mozilla/5.0 (Macintosh; Intel Mac OS X 10_14_1) AppleWebKit/537.36 (KHTML, like Gecko) Chrome/70.0.3538.102 Safari/537.36',
  'accept' => 'text/html,application/xhtml+xml,application/xml;q=0.9,image/webp,image/apng,*/*;q=0.8',
  'referer' => 'http://www.corrosion.com/index/about',
  'accept-encoding' => 'gzip, deflate',
  'accept-language' => 'zh-CN,zh;q=0.9,en;q=0.8',
)
[ info ] [ PARAM ] array (
  '/index/example' => '',
)
[ info ] [ DB ] INIT mysql
[ info ] [ RUN ] app\index\controller\Example->index[ /Users/iimt/Development/PHP/corrosion/application/index/controller/Example.php ]
[ info ] [ VIEW ] /Users/iimt/Development/PHP/corrosion/public/../application/index/view/example/index.html [ array (
  0 => 'nav',
  1 => 'friends',
  2 => 'site',
  3 => 'footer',
  4 => 'cates',
  5 => 'currTitle',
  6 => 'data',
) ]
[ info ] [ LOG ] INIT File
[ sql ] [ DB ] CONNECT:[ UseTime:0.219709s ] mysql:host=www.iimt.me;dbname=corrosion;charset=utf8
[ sql ] [ SQL ] SHOW COLUMNS FROM `nav` [ RunTime:0.100704s ]
[ sql ] [ SQL ] SELECT * FROM `nav` ORDER BY `priority` DESC [ RunTime:0.118643s ]
[ sql ] [ SQL ] SHOW COLUMNS FROM `friends` [ RunTime:0.105312s ]
[ sql ] [ SQL ] SELECT * FROM `friends` [ RunTime:0.112710s ]
[ sql ] [ SQL ] SHOW COLUMNS FROM `site` [ RunTime:0.101557s ]
[ sql ] [ SQL ] SELECT * FROM `site` WHERE  `id` = 1 LIMIT 1 [ RunTime:0.112665s ]
[ sql ] [ SQL ] SHOW COLUMNS FROM `footer` [ RunTime:0.122364s ]
[ sql ] [ SQL ] SELECT * FROM `footer` LIMIT 1 [ RunTime:0.108781s ]
[ sql ] [ SQL ] SHOW COLUMNS FROM `acate` [ RunTime:0.105069s ]
[ sql ] [ SQL ] SELECT * FROM `acate` [ RunTime:0.103919s ]
[ sql ] [ SQL ] SHOW COLUMNS FROM `article` [ RunTime:0.120766s ]
[ sql ] [ SQL ] SELECT * FROM `article` WHERE  `cid` = 1 ORDER BY `id` DESC LIMIT 3 [ RunTime:0.114656s ]
[ sql ] [ SQL ] SELECT * FROM `article` WHERE  `cid` = 2 ORDER BY `id` DESC LIMIT 3 [ RunTime:0.104763s ]
[ sql ] [ SQL ] SELECT * FROM `article` WHERE  `cid` = 9 ORDER BY `id` DESC LIMIT 3 [ RunTime:0.114784s ]
[ sql ] [ SQL ] SELECT * FROM `article` WHERE  `cid` = 6 ORDER BY `id` DESC LIMIT 3 [ RunTime:0.215292s ]
[ sql ] [ SQL ] SELECT * FROM `article` WHERE  `cid` = 8 ORDER BY `id` DESC LIMIT 3 [ RunTime:0.188489s ]
---------------------------------------------------------------
[ 2018-11-23T11:30:46+08:00 ] 127.0.0.1 GET www.corrosion.com/uploads/20181108/514224c65e517f3fecf2c4fc4ca96b03.png
[运行时间：0.016411s] [吞吐率：60.94req/s] [内存消耗：1,196.27kb] [文件加载：30]
[ info ] [ LANG ] /Users/iimt/Development/PHP/corrosion/thinkphp/lang/zh-cn.php
[ info ] [ ROUTE ] array (
  'type' => 'module',
  'module' => 
  array (
    0 => 'uploads',
    1 => '20181108',
    2 => '514224c65e517f3fecf2c4fc4ca96b03.png',
  ),
)
[ info ] [ HEADER ] array (
  'host' => 'www.corrosion.com',
  'connection' => 'keep-alive',
  'user-agent' => 'Mozilla/5.0 (Macintosh; Intel Mac OS X 10_14_1) AppleWebKit/537.36 (KHTML, like Gecko) Chrome/70.0.3538.102 Safari/537.36',
  'accept' => 'image/webp,image/apng,image/*,*/*;q=0.8',
  'referer' => 'http://www.corrosion.com/index/example',
  'accept-encoding' => 'gzip, deflate',
  'accept-language' => 'zh-CN,zh;q=0.9,en;q=0.8',
)
[ info ] [ PARAM ] array (
  '/uploads/20181108/514224c65e517f3fecf2c4fc4ca96b03_png' => '',
)
[ info ] [ LOG ] INIT File
---------------------------------------------------------------
[ 2018-11-23T11:30:46+08:00 ] 127.0.0.1 GET www.corrosion.com/uploads/20181108/06edddf739ef787fa694a62b6e0923a9.png
[运行时间：0.014715s] [吞吐率：67.96req/s] [内存消耗：1,196.27kb] [文件加载：30]
[ info ] [ LANG ] /Users/iimt/Development/PHP/corrosion/thinkphp/lang/zh-cn.php
[ info ] [ ROUTE ] array (
  'type' => 'module',
  'module' => 
  array (
    0 => 'uploads',
    1 => '20181108',
    2 => '06edddf739ef787fa694a62b6e0923a9.png',
  ),
)
[ info ] [ HEADER ] array (
  'host' => 'www.corrosion.com',
  'connection' => 'keep-alive',
  'user-agent' => 'Mozilla/5.0 (Macintosh; Intel Mac OS X 10_14_1) AppleWebKit/537.36 (KHTML, like Gecko) Chrome/70.0.3538.102 Safari/537.36',
  'accept' => 'image/webp,image/apng,image/*,*/*;q=0.8',
  'referer' => 'http://www.corrosion.com/index/example',
  'accept-encoding' => 'gzip, deflate',
  'accept-language' => 'zh-CN,zh;q=0.9,en;q=0.8',
)
[ info ] [ PARAM ] array (
  '/uploads/20181108/06edddf739ef787fa694a62b6e0923a9_png' => '',
)
[ info ] [ LOG ] INIT File
---------------------------------------------------------------
[ 2018-11-23T11:30:46+08:00 ] 127.0.0.1 GET www.corrosion.com/uploads/20181108/ae5d255b1367b7fb0ccfda51baa1e179.png
[运行时间：0.015978s] [吞吐率：62.59req/s] [内存消耗：1,196.27kb] [文件加载：30]
[ info ] [ LANG ] /Users/iimt/Development/PHP/corrosion/thinkphp/lang/zh-cn.php
[ info ] [ ROUTE ] array (
  'type' => 'module',
  'module' => 
  array (
    0 => 'uploads',
    1 => '20181108',
    2 => 'ae5d255b1367b7fb0ccfda51baa1e179.png',
  ),
)
[ info ] [ HEADER ] array (
  'host' => 'www.corrosion.com',
  'connection' => 'keep-alive',
  'user-agent' => 'Mozilla/5.0 (Macintosh; Intel Mac OS X 10_14_1) AppleWebKit/537.36 (KHTML, like Gecko) Chrome/70.0.3538.102 Safari/537.36',
  'accept' => 'image/webp,image/apng,image/*,*/*;q=0.8',
  'referer' => 'http://www.corrosion.com/index/example',
  'accept-encoding' => 'gzip, deflate',
  'accept-language' => 'zh-CN,zh;q=0.9,en;q=0.8',
)
[ info ] [ PARAM ] array (
  '/uploads/20181108/ae5d255b1367b7fb0ccfda51baa1e179_png' => '',
)
[ info ] [ LOG ] INIT File
---------------------------------------------------------------
[ 2018-11-23T11:30:46+08:00 ] 127.0.0.1 GET www.corrosion.com/uploads/20181108/0723c4d3c7a423de059d0db5ff88a1ce.png
[运行时间：0.017357s] [吞吐率：57.61req/s] [内存消耗：1,196.27kb] [文件加载：30]
[ info ] [ LANG ] /Users/iimt/Development/PHP/corrosion/thinkphp/lang/zh-cn.php
[ info ] [ ROUTE ] array (
  'type' => 'module',
  'module' => 
  array (
    0 => 'uploads',
    1 => '20181108',
    2 => '0723c4d3c7a423de059d0db5ff88a1ce.png',
  ),
)
[ info ] [ HEADER ] array (
  'host' => 'www.corrosion.com',
  'connection' => 'keep-alive',
  'user-agent' => 'Mozilla/5.0 (Macintosh; Intel Mac OS X 10_14_1) AppleWebKit/537.36 (KHTML, like Gecko) Chrome/70.0.3538.102 Safari/537.36',
  'accept' => 'image/webp,image/apng,image/*,*/*;q=0.8',
  'referer' => 'http://www.corrosion.com/index/example',
  'accept-encoding' => 'gzip, deflate',
  'accept-language' => 'zh-CN,zh;q=0.9,en;q=0.8',
)
[ info ] [ PARAM ] array (
  '/uploads/20181108/0723c4d3c7a423de059d0db5ff88a1ce_png' => '',
)
[ info ] [ LOG ] INIT File
---------------------------------------------------------------
[ 2018-11-23T11:30:46+08:00 ] 127.0.0.1 GET www.corrosion.com/uploads/20181108/c0c54fc11eaba6df49eaddb98b81d7aa.png
[运行时间：0.015369s] [吞吐率：65.07req/s] [内存消耗：1,196.27kb] [文件加载：30]
[ info ] [ LANG ] /Users/iimt/Development/PHP/corrosion/thinkphp/lang/zh-cn.php
[ info ] [ ROUTE ] array (
  'type' => 'module',
  'module' => 
  array (
    0 => 'uploads',
    1 => '20181108',
    2 => 'c0c54fc11eaba6df49eaddb98b81d7aa.png',
  ),
)
[ info ] [ HEADER ] array (
  'host' => 'www.corrosion.com',
  'connection' => 'keep-alive',
  'user-agent' => 'Mozilla/5.0 (Macintosh; Intel Mac OS X 10_14_1) AppleWebKit/537.36 (KHTML, like Gecko) Chrome/70.0.3538.102 Safari/537.36',
  'accept' => 'image/webp,image/apng,image/*,*/*;q=0.8',
  'referer' => 'http://www.corrosion.com/index/example',
  'accept-encoding' => 'gzip, deflate',
  'accept-language' => 'zh-CN,zh;q=0.9,en;q=0.8',
)
[ info ] [ PARAM ] array (
  '/uploads/20181108/c0c54fc11eaba6df49eaddb98b81d7aa_png' => '',
)
[ info ] [ LOG ] INIT File
---------------------------------------------------------------
[ 2018-11-23T11:30:46+08:00 ] 127.0.0.1 GET www.corrosion.com/uploads/20181115/ebce06b8e8453e0e6c47d274c668f3a1.png
[运行时间：0.019108s] [吞吐率：52.33req/s] [内存消耗：1,196.86kb] [文件加载：30]
[ info ] [ LANG ] /Users/iimt/Development/PHP/corrosion/thinkphp/lang/zh-cn.php
[ info ] [ ROUTE ] array (
  'type' => 'module',
  'module' => 
  array (
    0 => 'uploads',
    1 => '20181115',
    2 => 'ebce06b8e8453e0e6c47d274c668f3a1.png',
  ),
)
[ info ] [ HEADER ] array (
  'host' => 'www.corrosion.com',
  'connection' => 'keep-alive',
  'user-agent' => 'Mozilla/5.0 (Macintosh; Intel Mac OS X 10_14_1) AppleWebKit/537.36 (KHTML, like Gecko) Chrome/70.0.3538.102 Safari/537.36',
  'accept' => 'image/webp,image/apng,image/*,*/*;q=0.8',
  'referer' => 'http://www.corrosion.com/index/example',
  'accept-encoding' => 'gzip, deflate',
  'accept-language' => 'zh-CN,zh;q=0.9,en;q=0.8',
)
[ info ] [ PARAM ] array (
  '/uploads/20181115/ebce06b8e8453e0e6c47d274c668f3a1_png' => '',
)
[ info ] [ LOG ] INIT File
---------------------------------------------------------------
[ 2018-11-23T11:30:46+08:00 ] 127.0.0.1 GET www.corrosion.com/uploads/20181115/1774800b6df3e247c53e9f9ffe7563e5.png
[运行时间：0.018926s] [吞吐率：52.84req/s] [内存消耗：1,196.86kb] [文件加载：30]
[ info ] [ LANG ] /Users/iimt/Development/PHP/corrosion/thinkphp/lang/zh-cn.php
[ info ] [ ROUTE ] array (
  'type' => 'module',
  'module' => 
  array (
    0 => 'uploads',
    1 => '20181115',
    2 => '1774800b6df3e247c53e9f9ffe7563e5.png',
  ),
)
[ info ] [ HEADER ] array (
  'host' => 'www.corrosion.com',
  'connection' => 'keep-alive',
  'user-agent' => 'Mozilla/5.0 (Macintosh; Intel Mac OS X 10_14_1) AppleWebKit/537.36 (KHTML, like Gecko) Chrome/70.0.3538.102 Safari/537.36',
  'accept' => 'image/webp,image/apng,image/*,*/*;q=0.8',
  'referer' => 'http://www.corrosion.com/index/example',
  'accept-encoding' => 'gzip, deflate',
  'accept-language' => 'zh-CN,zh;q=0.9,en;q=0.8',
)
[ info ] [ PARAM ] array (
  '/uploads/20181115/1774800b6df3e247c53e9f9ffe7563e5_png' => '',
)
[ info ] [ LOG ] INIT File
---------------------------------------------------------------
[ 2018-11-23T11:30:46+08:00 ] 127.0.0.1 GET www.corrosion.com/uploads/20181115/72bd076a734912bf0d28c96913498b18.png
[运行时间：0.014613s] [吞吐率：68.43req/s] [内存消耗：1,196.27kb] [文件加载：30]
[ info ] [ LANG ] /Users/iimt/Development/PHP/corrosion/thinkphp/lang/zh-cn.php
[ info ] [ ROUTE ] array (
  'type' => 'module',
  'module' => 
  array (
    0 => 'uploads',
    1 => '20181115',
    2 => '72bd076a734912bf0d28c96913498b18.png',
  ),
)
[ info ] [ HEADER ] array (
  'host' => 'www.corrosion.com',
  'connection' => 'keep-alive',
  'user-agent' => 'Mozilla/5.0 (Macintosh; Intel Mac OS X 10_14_1) AppleWebKit/537.36 (KHTML, like Gecko) Chrome/70.0.3538.102 Safari/537.36',
  'accept' => 'image/webp,image/apng,image/*,*/*;q=0.8',
  'referer' => 'http://www.corrosion.com/index/example',
  'accept-encoding' => 'gzip, deflate',
  'accept-language' => 'zh-CN,zh;q=0.9,en;q=0.8',
)
[ info ] [ PARAM ] array (
  '/uploads/20181115/72bd076a734912bf0d28c96913498b18_png' => '',
)
[ info ] [ LOG ] INIT File
---------------------------------------------------------------
[ 2018-11-23T11:30:46+08:00 ] 127.0.0.1 GET www.corrosion.com/uploads/20181115/3e4382a50f92219765d9ee61df95ddb0.png
[运行时间：0.014647s] [吞吐率：68.27req/s] [内存消耗：1,196.27kb] [文件加载：30]
[ info ] [ LANG ] /Users/iimt/Development/PHP/corrosion/thinkphp/lang/zh-cn.php
[ info ] [ ROUTE ] array (
  'type' => 'module',
  'module' => 
  array (
    0 => 'uploads',
    1 => '20181115',
    2 => '3e4382a50f92219765d9ee61df95ddb0.png',
  ),
)
[ info ] [ HEADER ] array (
  'host' => 'www.corrosion.com',
  'connection' => 'keep-alive',
  'user-agent' => 'Mozilla/5.0 (Macintosh; Intel Mac OS X 10_14_1) AppleWebKit/537.36 (KHTML, like Gecko) Chrome/70.0.3538.102 Safari/537.36',
  'accept' => 'image/webp,image/apng,image/*,*/*;q=0.8',
  'referer' => 'http://www.corrosion.com/index/example',
  'accept-encoding' => 'gzip, deflate',
  'accept-language' => 'zh-CN,zh;q=0.9,en;q=0.8',
)
[ info ] [ PARAM ] array (
  '/uploads/20181115/3e4382a50f92219765d9ee61df95ddb0_png' => '',
)
[ info ] [ LOG ] INIT File
---------------------------------------------------------------
[ 2018-11-23T11:30:46+08:00 ] 127.0.0.1 GET www.corrosion.com/uploads/20181107/688080b672fb5e5b7cee5ab0b027080b.jpg
[运行时间：0.014637s] [吞吐率：68.32req/s] [内存消耗：1,196.27kb] [文件加载：30]
[ info ] [ LANG ] /Users/iimt/Development/PHP/corrosion/thinkphp/lang/zh-cn.php
[ info ] [ ROUTE ] array (
  'type' => 'module',
  'module' => 
  array (
    0 => 'uploads',
    1 => '20181107',
    2 => '688080b672fb5e5b7cee5ab0b027080b.jpg',
  ),
)
[ info ] [ HEADER ] array (
  'host' => 'www.corrosion.com',
  'connection' => 'keep-alive',
  'user-agent' => 'Mozilla/5.0 (Macintosh; Intel Mac OS X 10_14_1) AppleWebKit/537.36 (KHTML, like Gecko) Chrome/70.0.3538.102 Safari/537.36',
  'accept' => 'image/webp,image/apng,image/*,*/*;q=0.8',
  'referer' => 'http://www.corrosion.com/index/example',
  'accept-encoding' => 'gzip, deflate',
  'accept-language' => 'zh-CN,zh;q=0.9,en;q=0.8',
)
[ info ] [ PARAM ] array (
  '/uploads/20181107/688080b672fb5e5b7cee5ab0b027080b_jpg' => '',
)
[ info ] [ LOG ] INIT File
---------------------------------------------------------------
[ 2018-11-23T11:30:46+08:00 ] 127.0.0.1 GET www.corrosion.com/uploads/20181107/ea9f56675a26917ebe5aaf9dbfbadbe7.png
[运行时间：0.015565s] [吞吐率：64.25req/s] [内存消耗：1,196.27kb] [文件加载：30]
[ info ] [ LANG ] /Users/iimt/Development/PHP/corrosion/thinkphp/lang/zh-cn.php
[ info ] [ ROUTE ] array (
  'type' => 'module',
  'module' => 
  array (
    0 => 'uploads',
    1 => '20181107',
    2 => 'ea9f56675a26917ebe5aaf9dbfbadbe7.png',
  ),
)
[ info ] [ HEADER ] array (
  'host' => 'www.corrosion.com',
  'connection' => 'keep-alive',
  'user-agent' => 'Mozilla/5.0 (Macintosh; Intel Mac OS X 10_14_1) AppleWebKit/537.36 (KHTML, like Gecko) Chrome/70.0.3538.102 Safari/537.36',
  'accept' => 'image/webp,image/apng,image/*,*/*;q=0.8',
  'referer' => 'http://www.corrosion.com/index/example',
  'accept-encoding' => 'gzip, deflate',
  'accept-language' => 'zh-CN,zh;q=0.9,en;q=0.8',
)
[ info ] [ PARAM ] array (
  '/uploads/20181107/ea9f56675a26917ebe5aaf9dbfbadbe7_png' => '',
)
[ info ] [ LOG ] INIT File
---------------------------------------------------------------
[ 2018-11-23T11:30:46+08:00 ] 127.0.0.1 GET www.corrosion.com/uploads/20181122/b0cf5ee3595d9ebc98a30cd7f6a78dbd.png
[运行时间：0.014360s] [吞吐率：69.64req/s] [内存消耗：1,196.27kb] [文件加载：30]
[ info ] [ LANG ] /Users/iimt/Development/PHP/corrosion/thinkphp/lang/zh-cn.php
[ info ] [ ROUTE ] array (
  'type' => 'module',
  'module' => 
  array (
    0 => 'uploads',
    1 => '20181122',
    2 => 'b0cf5ee3595d9ebc98a30cd7f6a78dbd.png',
  ),
)
[ info ] [ HEADER ] array (
  'host' => 'www.corrosion.com',
  'connection' => 'keep-alive',
  'user-agent' => 'Mozilla/5.0 (Macintosh; Intel Mac OS X 10_14_1) AppleWebKit/537.36 (KHTML, like Gecko) Chrome/70.0.3538.102 Safari/537.36',
  'accept' => 'image/webp,image/apng,image/*,*/*;q=0.8',
  'referer' => 'http://www.corrosion.com/index/example',
  'accept-encoding' => 'gzip, deflate',
  'accept-language' => 'zh-CN,zh;q=0.9,en;q=0.8',
)
[ info ] [ PARAM ] array (
  '/uploads/20181122/b0cf5ee3595d9ebc98a30cd7f6a78dbd_png' => '',
)
[ info ] [ LOG ] INIT File
